#
# There is insufficient memory for the Java Runtime Environment to continue.
# Native memory allocation (malloc) failed to allocate 2008176 bytes for Chunk::new
# Possible reasons:
#   The system is out of physical RAM or swap space
#   The process is running with CompressedOops enabled, and the Java Heap may be blocking the growth of the native heap
# Possible solutions:
#   Reduce memory load on the system
#   Increase physical memory or swap space
#   Check if swap backing store is full
#   Decrease Java heap size (-Xmx/-Xms)
#   Decrease number of Java threads
#   Decrease Java thread stack sizes (-Xss)
#   Set larger code cache with -XX:ReservedCodeCacheSize=
#   JVM is running with Unscaled Compressed Oops mode in which the Java heap is
#     placed in the first 4GB address space. The Java Heap base address is the
#     maximum limit for the native heap growth. Please use -XX:HeapBaseMinAddress
#     to set the Java Heap base and to place the Java Heap above 4GB virtual address.
# This output file may be truncated or incomplete.
#
#  Out of Memory Error (src/hotspot/share/memory/arena.cpp:197), pid=15584, tid=14200
#
# JRE version: OpenJDK Runtime Environment (11.0.15) (build 11.0.15+0-b2043.56-9505619)
# Java VM: OpenJDK 64-Bit Server VM (11.0.15+0-b2043.56-9505619, mixed mode, tiered, compressed oops, g1 gc, windows-amd64)
# No core dump will be written. Minidumps are not enabled by default on client versions of Windows
#

---------------  S U M M A R Y ------------

Command Line: --add-opens=java.base/java.util=ALL-UNNAMED --add-opens=java.base/java.lang=ALL-UNNAMED --add-opens=java.base/java.lang.invoke=ALL-UNNAMED --add-opens=java.base/java.util=ALL-UNNAMED --add-opens=java.prefs/java.util.prefs=ALL-UNNAMED --add-opens=java.prefs/java.util.prefs=ALL-UNNAMED --add-opens=java.base/java.nio.charset=ALL-UNNAMED --add-opens=java.base/java.net=ALL-UNNAMED --add-opens=java.base/java.util.concurrent.atomic=ALL-UNNAMED -Xmx2048m -Dfile.encoding=UTF-8 -Duser.country=US -Duser.language=en -Duser.variant org.gradle.launcher.daemon.bootstrap.GradleDaemon 7.5

Host: Intel(R) Core(TM) i7-8750H CPU @ 2.20GHz, 12 cores, 15G,  Windows 11 , 64 bit Build 22621 (10.0.22621.1635)
Time: Thu May 25 07:55:41 2023 Nepal Standard Time elapsed time: 86.445874 seconds (0d 0h 1m 26s)

---------------  T H R E A D  ---------------

Current thread (0x000001df32399800):  JavaThread "C2 CompilerThread0" daemon [_thread_in_native, id=14200, stack(0x000000c3f9800000,0x000000c3f9900000)]


Current CompileTask:
C2:  86445 6971   !   4       com.google.common.reflect.TypeVisitor::visit (244 bytes)

Stack: [0x000000c3f9800000,0x000000c3f9900000]
Native frames: (J=compiled Java code, j=interpreted, Vv=VM code, C=native code)
V  [jvm.dll+0x64135a]
V  [jvm.dll+0x7d39f9]
V  [jvm.dll+0x7d51b9]
V  [jvm.dll+0x7d58a3]
V  [jvm.dll+0x2691c5]
V  [jvm.dll+0xc1a5c]
V  [jvm.dll+0xc200c]
V  [jvm.dll+0x377462]
V  [jvm.dll+0x342495]
V  [jvm.dll+0x34186a]
V  [jvm.dll+0x2214bd]
V  [jvm.dll+0x220498]
V  [jvm.dll+0x19e851]
V  [jvm.dll+0x230479]
V  [jvm.dll+0x22e5ef]
V  [jvm.dll+0x794de1]
V  [jvm.dll+0x78dc24]
V  [jvm.dll+0x6400f6]
C  [ucrtbase.dll+0x29363]
C  [KERNEL32.DLL+0x126ad]
C  [ntdll.dll+0x5a9f8]


---------------  P R O C E S S  ---------------

Threads class SMR info:
_java_thread_list=0x000001df38e0a610, length=165, elements={
0x000001df171bf800, 0x000001df32334800, 0x000001df3233f000, 0x000001df3238a800,
0x000001df3238b800, 0x000001df3238e800, 0x000001df32399800, 0x000001df323a0800,
0x000001df323a3800, 0x000001df32505800, 0x000001df336ed800, 0x000001df33df4000,
0x000001df33f24000, 0x000001df33ee9800, 0x000001df33ef8800, 0x000001df33e82800,
0x000001df33cf0000, 0x000001df347d2800, 0x000001df32673000, 0x000001df32670800,
0x000001df3266e000, 0x000001df3266f000, 0x000001df32672000, 0x000001df3266f800,
0x000001df32671800, 0x000001df3266d800, 0x000001df32674000, 0x000001df326b7000,
0x000001df326b5000, 0x000001df326b4800, 0x000001df326b7800, 0x000001df326b8800,
0x000001df326b3800, 0x000001df326bb800, 0x000001df326ba000, 0x000001df326bb000,
0x000001df326b6000, 0x000001df326c2800, 0x000001df326bc800, 0x000001df326bf000,
0x000001df326bd800, 0x000001df326c0000, 0x000001df326c0800, 0x000001df326c1800,
0x000001df326be000, 0x000001df36d87800, 0x000001df36d83800, 0x000001df36d8a000,
0x000001df36d85800, 0x000001df36d88000, 0x000001df36d89000, 0x000001df36d84000,
0x000001df36d8a800, 0x000001df36d85000, 0x000001df36d8b800, 0x000001df36d8c800,
0x000001df36d86800, 0x000001df36d91000, 0x000001df36d8e800, 0x000001df36d90800,
0x000001df36d8d000, 0x000001df36d8e000, 0x000001df36d8f800, 0x000001df36d92000,
0x000001df388ca800, 0x000001df388c7000, 0x000001df388c8800, 0x000001df388cb000,
0x000001df388c9800, 0x000001df388c8000, 0x000001df388cc000, 0x000001df388c6800,
0x000001df388ce800, 0x000001df388cd000, 0x000001df388cd800, 0x000001df388cf800,
0x000001df388d5000, 0x000001df388d2800, 0x000001df388d3800, 0x000001df388d4000,
0x000001df388d0000, 0x000001df388d1000, 0x000001df388d1800, 0x000001df3428b000,
0x000001df3428a000, 0x000001df34288800, 0x000001df3428b800, 0x000001df3428d800,
0x000001df3428c800, 0x000001df34289000, 0x000001df34287800, 0x000001df34290800,
0x000001df34291800, 0x000001df3428e000, 0x000001df3428f000, 0x000001df34290000,
0x000001df34292000, 0x000001df34295800, 0x000001df34293000, 0x000001df34296800,
0x000001df34294000, 0x000001df34294800, 0x000001df36969000, 0x000001df3696d000,
0x000001df3696a000, 0x000001df36970800, 0x000001df3696b800, 0x000001df3696c800,
0x000001df3696e000, 0x000001df3696f000, 0x000001df3696f800, 0x000001df3696b000,
0x000001df36975800, 0x000001df36976000, 0x000001df36977000, 0x000001df36971800,
0x000001df36978000, 0x000001df36972000, 0x000001df36973000, 0x000001df36973800,
0x000001df36974800, 0x000001df36181800, 0x000001df36183000, 0x000001df36184800,
0x000001df36180800, 0x000001df3617f000, 0x000001df36183800, 0x000001df36185800,
0x000001df36182000, 0x000001df3617f800, 0x000001df36188800, 0x000001df36189800,
0x000001df36186000, 0x000001df36187000, 0x000001df3618c000, 0x000001df3618b000,
0x000001df3618a000, 0x000001df3618c800, 0x000001df3618d800, 0x000001df36188000,
0x000001df36cf7000, 0x000001df36cf5800, 0x000001df36cf3000, 0x000001df36cf6000,
0x000001df36cf2000, 0x000001df36cf3800, 0x000001df36cf4800, 0x000001df36cf1800,
0x000001df36cfb000, 0x000001df36cfa000, 0x000001df36cfc000, 0x000001df36cf8800,
0x000001df36cfd800, 0x000001df36cf9800, 0x000001df36cfc800, 0x000001df36cf8000,
0x000001df36cfe800, 0x000001df36cff000, 0x000001df36d00000, 0x000001df34b1a800,
0x000001df34b19000, 0x000001df34b1d000, 0x000001df34b19800, 0x000001df34b1b000,
0x000001df34b17000
}

Java Threads: ( => current thread )
  0x000001df171bf800 JavaThread "main" [_thread_blocked, id=27360, stack(0x000000c3f8c00000,0x000000c3f8d00000)]
  0x000001df32334800 JavaThread "Reference Handler" daemon [_thread_blocked, id=26724, stack(0x000000c3f9300000,0x000000c3f9400000)]
  0x000001df3233f000 JavaThread "Finalizer" daemon [_thread_blocked, id=26720, stack(0x000000c3f9400000,0x000000c3f9500000)]
  0x000001df3238a800 JavaThread "Signal Dispatcher" daemon [_thread_blocked, id=11052, stack(0x000000c3f9500000,0x000000c3f9600000)]
  0x000001df3238b800 JavaThread "Attach Listener" daemon [_thread_blocked, id=11352, stack(0x000000c3f9600000,0x000000c3f9700000)]
  0x000001df3238e800 JavaThread "Service Thread" daemon [_thread_blocked, id=11412, stack(0x000000c3f9700000,0x000000c3f9800000)]
=>0x000001df32399800 JavaThread "C2 CompilerThread0" daemon [_thread_in_native, id=14200, stack(0x000000c3f9800000,0x000000c3f9900000)]
  0x000001df323a0800 JavaThread "C1 CompilerThread0" daemon [_thread_blocked, id=37496, stack(0x000000c3f9900000,0x000000c3f9a00000)]
  0x000001df323a3800 JavaThread "Sweeper thread" daemon [_thread_blocked, id=2000, stack(0x000000c3f9a00000,0x000000c3f9b00000)]
  0x000001df32505800 JavaThread "Common-Cleaner" daemon [_thread_blocked, id=1460, stack(0x000000c3f9b00000,0x000000c3f9c00000)]
  0x000001df336ed800 JavaThread "Daemon health stats" [_thread_blocked, id=32452, stack(0x000000c3fa200000,0x000000c3fa300000)]
  0x000001df33df4000 JavaThread "Incoming local TCP Connector on port 58972" [_thread_in_native, id=6304, stack(0x000000c3fa300000,0x000000c3fa400000)]
  0x000001df33f24000 JavaThread "Daemon periodic checks" [_thread_blocked, id=8348, stack(0x000000c3fa400000,0x000000c3fa500000)]
  0x000001df33ee9800 JavaThread "Daemon" [_thread_blocked, id=31992, stack(0x000000c3fa500000,0x000000c3fa600000)]
  0x000001df33ef8800 JavaThread "Handler for socket connection from /127.0.0.1:58972 to /127.0.0.1:58973" [_thread_in_native, id=29840, stack(0x000000c3fa600000,0x000000c3fa700000)]
  0x000001df33e82800 JavaThread "Cancel handler" [_thread_blocked, id=22948, stack(0x000000c3fa700000,0x000000c3fa800000)]
  0x000001df33cf0000 JavaThread "Daemon worker" [_thread_in_vm, id=15292, stack(0x000000c3fa800000,0x000000c3fa900000)]
  0x000001df347d2800 JavaThread "Asynchronous log dispatcher for DefaultDaemonConnection: socket connection from /127.0.0.1:58972 to /127.0.0.1:58973" [_thread_blocked, id=21972, stack(0x000000c3fa900000,0x000000c3faa00000)]
  0x000001df32673000 JavaThread "Daemon client event forwarder" [_thread_blocked, id=2888, stack(0x000000c3fab00000,0x000000c3fac00000)]
  0x000001df32670800 JavaThread "Cache worker for journal cache (D:\Android\.gradle\caches\journal-1)" [_thread_blocked, id=30228, stack(0x000000c3fac00000,0x000000c3fad00000)]
  0x000001df3266e000 JavaThread "File lock request listener" [_thread_in_native, id=22756, stack(0x000000c3fad00000,0x000000c3fae00000)]
  0x000001df3266f000 JavaThread "Cache worker for file hash cache (D:\Android\.gradle\caches\7.5\fileHashes)" [_thread_blocked, id=20580, stack(0x000000c3fae00000,0x000000c3faf00000)]
  0x000001df32672000 JavaThread "File watcher server" daemon [_thread_in_native, id=20024, stack(0x000000c3fb500000,0x000000c3fb600000)]
  0x000001df3266f800 JavaThread "File watcher consumer" daemon [_thread_blocked, id=25160, stack(0x000000c3fb600000,0x000000c3fb700000)]
  0x000001df32671800 JavaThread "Cache worker for checksums cache (D:\AndroidStudioProjects\EcoChoice\.gradle\7.5\checksums)" [_thread_blocked, id=15120, stack(0x000000c3fb700000,0x000000c3fb800000)]
  0x000001df3266d800 JavaThread "Cache worker for cache directory md-rule (D:\Android\.gradle\caches\7.5\md-rule)" [_thread_blocked, id=34452, stack(0x000000c3fb800000,0x000000c3fb900000)]
  0x000001df32674000 JavaThread "Cache worker for file content cache (D:\Android\.gradle\caches\7.5\fileContent)" [_thread_blocked, id=35052, stack(0x000000c3fb900000,0x000000c3fba00000)]
  0x000001df326b7000 JavaThread "Cache worker for file hash cache (D:\AndroidStudioProjects\EcoChoice\.gradle\7.5\fileHashes)" [_thread_blocked, id=32432, stack(0x000000c3fba00000,0x000000c3fbb00000)]
  0x000001df326b5000 JavaThread "Cache worker for cache directory md-supplier (D:\Android\.gradle\caches\7.5\md-supplier)" [_thread_blocked, id=30308, stack(0x000000c3fbb00000,0x000000c3fbc00000)]
  0x000001df326b4800 JavaThread "Cache worker for execution history cache (D:\Android\.gradle\caches\7.5\executionHistory)" [_thread_blocked, id=6188, stack(0x000000c3fbc00000,0x000000c3fbd00000)]
  0x000001df326b7800 JavaThread "jar transforms" [_thread_blocked, id=21608, stack(0x000000c3fbd00000,0x000000c3fbe00000)]
  0x000001df326b8800 JavaThread "jar transforms Thread 2" [_thread_blocked, id=34468, stack(0x000000c3fbe00000,0x000000c3fbf00000)]
  0x000001df326b3800 JavaThread "jar transforms Thread 3" [_thread_blocked, id=37200, stack(0x000000c3fbf00000,0x000000c3fc000000)]
  0x000001df326bb800 JavaThread "jar transforms Thread 4" [_thread_blocked, id=31768, stack(0x000000c3fc000000,0x000000c3fc100000)]
  0x000001df326ba000 JavaThread "Cache worker for dependencies-accessors (D:\AndroidStudioProjects\EcoChoice\.gradle\7.5\dependencies-accessors)" [_thread_blocked, id=14588, stack(0x000000c3fc100000,0x000000c3fc200000)]
  0x000001df326bb000 JavaThread "jar transforms Thread 5" [_thread_blocked, id=36908, stack(0x000000c3fc200000,0x000000c3fc300000)]
  0x000001df326b6000 JavaThread "Cache worker for Build Output Cleanup Cache (D:\AndroidStudioProjects\EcoChoice\.gradle\buildOutputCleanup)" [_thread_blocked, id=29812, stack(0x000000c3fc300000,0x000000c3fc400000)]
  0x000001df326c2800 JavaThread "Unconstrained build operations" [_thread_blocked, id=9344, stack(0x000000c3fc700000,0x000000c3fc800000)]
  0x000001df326bc800 JavaThread "Unconstrained build operations Thread 2" [_thread_blocked, id=25952, stack(0x000000c3fc800000,0x000000c3fc900000)]
  0x000001df326bf000 JavaThread "Unconstrained build operations Thread 3" [_thread_blocked, id=19036, stack(0x000000c3fc900000,0x000000c3fca00000)]
  0x000001df326bd800 JavaThread "Unconstrained build operations Thread 4" [_thread_blocked, id=32312, stack(0x000000c3fca00000,0x000000c3fcb00000)]
  0x000001df326c0000 JavaThread "Unconstrained build operations Thread 5" [_thread_blocked, id=15976, stack(0x000000c3fcb00000,0x000000c3fcc00000)]
  0x000001df326c0800 JavaThread "Unconstrained build operations Thread 6" [_thread_blocked, id=30948, stack(0x000000c3fcc00000,0x000000c3fcd00000)]
  0x000001df326c1800 JavaThread "Unconstrained build operations Thread 7" [_thread_blocked, id=30148, stack(0x000000c3fcd00000,0x000000c3fce00000)]
  0x000001df326be000 JavaThread "Unconstrained build operations Thread 8" [_thread_blocked, id=17768, stack(0x000000c3fce00000,0x000000c3fcf00000)]
  0x000001df36d87800 JavaThread "Unconstrained build operations Thread 9" [_thread_blocked, id=32732, stack(0x000000c3fcf00000,0x000000c3fd000000)]
  0x000001df36d83800 JavaThread "Unconstrained build operations Thread 10" [_thread_blocked, id=9780, stack(0x000000c3fd000000,0x000000c3fd100000)]
  0x000001df36d8a000 JavaThread "Unconstrained build operations Thread 11" [_thread_blocked, id=33376, stack(0x000000c3fd100000,0x000000c3fd200000)]
  0x000001df36d85800 JavaThread "Unconstrained build operations Thread 12" [_thread_blocked, id=19912, stack(0x000000c3fd200000,0x000000c3fd300000)]
  0x000001df36d88000 JavaThread "Unconstrained build operations Thread 13" [_thread_blocked, id=12336, stack(0x000000c3fd300000,0x000000c3fd400000)]
  0x000001df36d89000 JavaThread "Unconstrained build operations Thread 14" [_thread_blocked, id=37516, stack(0x000000c3fd400000,0x000000c3fd500000)]
  0x000001df36d84000 JavaThread "Unconstrained build operations Thread 15" [_thread_blocked, id=7372, stack(0x000000c3fd500000,0x000000c3fd600000)]
  0x000001df36d8a800 JavaThread "Unconstrained build operations Thread 16" [_thread_blocked, id=4180, stack(0x000000c3fd600000,0x000000c3fd700000)]
  0x000001df36d85000 JavaThread "Unconstrained build operations Thread 17" [_thread_blocked, id=36796, stack(0x000000c3fd700000,0x000000c3fd800000)]
  0x000001df36d8b800 JavaThread "Unconstrained build operations Thread 18" [_thread_blocked, id=12988, stack(0x000000c3fd800000,0x000000c3fd900000)]
  0x000001df36d8c800 JavaThread "Unconstrained build operations Thread 19" [_thread_blocked, id=37004, stack(0x000000c3fd900000,0x000000c3fda00000)]
  0x000001df36d86800 JavaThread "Unconstrained build operations Thread 20" [_thread_blocked, id=23968, stack(0x000000c3fda00000,0x000000c3fdb00000)]
  0x000001df36d91000 JavaThread "Unconstrained build operations Thread 21" [_thread_blocked, id=29376, stack(0x000000c3fdb00000,0x000000c3fdc00000)]
  0x000001df36d8e800 JavaThread "Unconstrained build operations Thread 22" [_thread_blocked, id=29088, stack(0x000000c3fdc00000,0x000000c3fdd00000)]
  0x000001df36d90800 JavaThread "Unconstrained build operations Thread 23" [_thread_blocked, id=27340, stack(0x000000c3fdd00000,0x000000c3fde00000)]
  0x000001df36d8d000 JavaThread "Unconstrained build operations Thread 24" [_thread_blocked, id=9728, stack(0x000000c3fde00000,0x000000c3fdf00000)]
  0x000001df36d8e000 JavaThread "Unconstrained build operations Thread 25" [_thread_blocked, id=37348, stack(0x000000c3fdf00000,0x000000c3fe000000)]
  0x000001df36d8f800 JavaThread "Unconstrained build operations Thread 26" [_thread_blocked, id=36036, stack(0x000000c3fe000000,0x000000c3fe100000)]
  0x000001df36d92000 JavaThread "Unconstrained build operations Thread 27" [_thread_blocked, id=24600, stack(0x000000c3fe100000,0x000000c3fe200000)]
  0x000001df388ca800 JavaThread "Unconstrained build operations Thread 28" [_thread_blocked, id=25168, stack(0x000000c3fe200000,0x000000c3fe300000)]
  0x000001df388c7000 JavaThread "Unconstrained build operations Thread 29" [_thread_blocked, id=27624, stack(0x000000c3fe300000,0x000000c3fe400000)]
  0x000001df388c8800 JavaThread "Unconstrained build operations Thread 30" [_thread_blocked, id=28552, stack(0x000000c3fe400000,0x000000c3fe500000)]
  0x000001df388cb000 JavaThread "Unconstrained build operations Thread 31" [_thread_blocked, id=29440, stack(0x000000c3fe500000,0x000000c3fe600000)]
  0x000001df388c9800 JavaThread "Unconstrained build operations Thread 32" [_thread_blocked, id=29740, stack(0x000000c3fe600000,0x000000c3fe700000)]
  0x000001df388c8000 JavaThread "Unconstrained build operations Thread 33" [_thread_blocked, id=29608, stack(0x000000c3fe700000,0x000000c3fe800000)]
  0x000001df388cc000 JavaThread "Unconstrained build operations Thread 34" [_thread_blocked, id=29152, stack(0x000000c3fe800000,0x000000c3fe900000)]
  0x000001df388c6800 JavaThread "Unconstrained build operations Thread 35" [_thread_blocked, id=30140, stack(0x000000c3fe900000,0x000000c3fea00000)]
  0x000001df388ce800 JavaThread "Unconstrained build operations Thread 36" [_thread_blocked, id=8068, stack(0x000000c3fea00000,0x000000c3feb00000)]
  0x000001df388cd000 JavaThread "Unconstrained build operations Thread 37" [_thread_blocked, id=34192, stack(0x000000c3feb00000,0x000000c3fec00000)]
  0x000001df388cd800 JavaThread "Unconstrained build operations Thread 38" [_thread_blocked, id=36636, stack(0x000000c3fec00000,0x000000c3fed00000)]
  0x000001df388cf800 JavaThread "Unconstrained build operations Thread 39" [_thread_blocked, id=12644, stack(0x000000c3fed00000,0x000000c3fee00000)]
  0x000001df388d5000 JavaThread "Unconstrained build operations Thread 40" [_thread_blocked, id=30792, stack(0x000000c3fee00000,0x000000c3fef00000)]
  0x000001df388d2800 JavaThread "Unconstrained build operations Thread 41" [_thread_blocked, id=3624, stack(0x000000c3fef00000,0x000000c3ff000000)]
  0x000001df388d3800 JavaThread "Unconstrained build operations Thread 42" [_thread_blocked, id=7812, stack(0x000000c3ff000000,0x000000c3ff100000)]
  0x000001df388d4000 JavaThread "Unconstrained build operations Thread 43" [_thread_blocked, id=25968, stack(0x000000c3ff100000,0x000000c3ff200000)]
  0x000001df388d0000 JavaThread "Unconstrained build operations Thread 44" [_thread_blocked, id=15548, stack(0x000000c3ff200000,0x000000c3ff300000)]
  0x000001df388d1000 JavaThread "Unconstrained build operations Thread 45" [_thread_blocked, id=31064, stack(0x000000c3ff300000,0x000000c3ff400000)]
  0x000001df388d1800 JavaThread "Unconstrained build operations Thread 46" [_thread_blocked, id=7856, stack(0x000000c3ff400000,0x000000c3ff500000)]
  0x000001df3428b000 JavaThread "Unconstrained build operations Thread 47" [_thread_blocked, id=14984, stack(0x000000c3ff500000,0x000000c3ff600000)]
  0x000001df3428a000 JavaThread "Unconstrained build operations Thread 48" [_thread_blocked, id=24760, stack(0x000000c3ff600000,0x000000c3ff700000)]
  0x000001df34288800 JavaThread "Unconstrained build operations Thread 49" [_thread_blocked, id=31136, stack(0x000000c3ff700000,0x000000c3ff800000)]
  0x000001df3428b800 JavaThread "Unconstrained build operations Thread 50" [_thread_blocked, id=26628, stack(0x000000c3ff800000,0x000000c3ff900000)]
  0x000001df3428d800 JavaThread "Unconstrained build operations Thread 51" [_thread_blocked, id=35188, stack(0x000000c3ff900000,0x000000c3ffa00000)]
  0x000001df3428c800 JavaThread "Unconstrained build operations Thread 52" [_thread_blocked, id=29776, stack(0x000000c3ffa00000,0x000000c3ffb00000)]
  0x000001df34289000 JavaThread "Unconstrained build operations Thread 53" [_thread_blocked, id=31976, stack(0x000000c3ffb00000,0x000000c3ffc00000)]
  0x000001df34287800 JavaThread "Unconstrained build operations Thread 54" [_thread_blocked, id=16640, stack(0x000000c3ffc00000,0x000000c3ffd00000)]
  0x000001df34290800 JavaThread "Unconstrained build operations Thread 55" [_thread_blocked, id=5196, stack(0x000000c3ffd00000,0x000000c3ffe00000)]
  0x000001df34291800 JavaThread "Unconstrained build operations Thread 56" [_thread_blocked, id=8300, stack(0x000000c3ffe00000,0x000000c3fff00000)]
  0x000001df3428e000 JavaThread "Unconstrained build operations Thread 57" [_thread_blocked, id=8860, stack(0x000000c3fff00000,0x000000c400000000)]
  0x000001df3428f000 JavaThread "Unconstrained build operations Thread 58" [_thread_blocked, id=18200, stack(0x000000c380000000,0x000000c380100000)]
  0x000001df34290000 JavaThread "Unconstrained build operations Thread 59" [_thread_blocked, id=19980, stack(0x000000c380100000,0x000000c380200000)]
  0x000001df34292000 JavaThread "Unconstrained build operations Thread 60" [_thread_blocked, id=8248, stack(0x000000c380200000,0x000000c380300000)]
  0x000001df34295800 JavaThread "Unconstrained build operations Thread 61" [_thread_blocked, id=13344, stack(0x000000c380300000,0x000000c380400000)]
  0x000001df34293000 JavaThread "Unconstrained build operations Thread 62" [_thread_blocked, id=25428, stack(0x000000c380400000,0x000000c380500000)]
  0x000001df34296800 JavaThread "Unconstrained build operations Thread 63" [_thread_blocked, id=25584, stack(0x000000c380500000,0x000000c380600000)]
  0x000001df34294000 JavaThread "Unconstrained build operations Thread 64" [_thread_blocked, id=27368, stack(0x000000c380600000,0x000000c380700000)]
  0x000001df34294800 JavaThread "Unconstrained build operations Thread 65" [_thread_blocked, id=32076, stack(0x000000c380700000,0x000000c380800000)]
  0x000001df36969000 JavaThread "Unconstrained build operations Thread 66" [_thread_blocked, id=6020, stack(0x000000c380800000,0x000000c380900000)]
  0x000001df3696d000 JavaThread "Unconstrained build operations Thread 67" [_thread_blocked, id=25436, stack(0x000000c380900000,0x000000c380a00000)]
  0x000001df3696a000 JavaThread "Unconstrained build operations Thread 68" [_thread_blocked, id=9292, stack(0x000000c380a00000,0x000000c380b00000)]
  0x000001df36970800 JavaThread "Unconstrained build operations Thread 69" [_thread_blocked, id=22884, stack(0x000000c380b00000,0x000000c380c00000)]
  0x000001df3696b800 JavaThread "Unconstrained build operations Thread 70" [_thread_blocked, id=34716, stack(0x000000c380c00000,0x000000c380d00000)]
  0x000001df3696c800 JavaThread "Unconstrained build operations Thread 71" [_thread_blocked, id=29064, stack(0x000000c380d00000,0x000000c380e00000)]
  0x000001df3696e000 JavaThread "Unconstrained build operations Thread 72" [_thread_blocked, id=30604, stack(0x000000c380e00000,0x000000c380f00000)]
  0x000001df3696f000 JavaThread "Unconstrained build operations Thread 73" [_thread_blocked, id=37220, stack(0x000000c380f00000,0x000000c381000000)]
  0x000001df3696f800 JavaThread "Unconstrained build operations Thread 74" [_thread_blocked, id=36344, stack(0x000000c381000000,0x000000c381100000)]
  0x000001df3696b000 JavaThread "Unconstrained build operations Thread 75" [_thread_blocked, id=19304, stack(0x000000c381100000,0x000000c381200000)]
  0x000001df36975800 JavaThread "Unconstrained build operations Thread 76" [_thread_blocked, id=30768, stack(0x000000c381200000,0x000000c381300000)]
  0x000001df36976000 JavaThread "Unconstrained build operations Thread 77" [_thread_blocked, id=12148, stack(0x000000c381300000,0x000000c381400000)]
  0x000001df36977000 JavaThread "Unconstrained build operations Thread 78" [_thread_blocked, id=15376, stack(0x000000c381400000,0x000000c381500000)]
  0x000001df36971800 JavaThread "Unconstrained build operations Thread 79" [_thread_blocked, id=35908, stack(0x000000c381500000,0x000000c381600000)]
  0x000001df36978000 JavaThread "Unconstrained build operations Thread 80" [_thread_blocked, id=8592, stack(0x000000c381600000,0x000000c381700000)]
  0x000001df36972000 JavaThread "Unconstrained build operations Thread 81" [_thread_blocked, id=26512, stack(0x000000c381700000,0x000000c381800000)]
  0x000001df36973000 JavaThread "Unconstrained build operations Thread 82" [_thread_blocked, id=8000, stack(0x000000c381800000,0x000000c381900000)]
  0x000001df36973800 JavaThread "Unconstrained build operations Thread 83" [_thread_blocked, id=17028, stack(0x000000c381900000,0x000000c381a00000)]
  0x000001df36974800 JavaThread "Unconstrained build operations Thread 84" [_thread_blocked, id=18716, stack(0x000000c381a00000,0x000000c381b00000)]
  0x000001df36181800 JavaThread "Unconstrained build operations Thread 85" [_thread_blocked, id=6900, stack(0x000000c381b00000,0x000000c381c00000)]
  0x000001df36183000 JavaThread "Unconstrained build operations Thread 86" [_thread_blocked, id=36444, stack(0x000000c381c00000,0x000000c381d00000)]
  0x000001df36184800 JavaThread "Unconstrained build operations Thread 87" [_thread_blocked, id=1828, stack(0x000000c381d00000,0x000000c381e00000)]
  0x000001df36180800 JavaThread "Unconstrained build operations Thread 88" [_thread_blocked, id=23340, stack(0x000000c381e00000,0x000000c381f00000)]
  0x000001df3617f000 JavaThread "Unconstrained build operations Thread 89" [_thread_blocked, id=11700, stack(0x000000c381f00000,0x000000c382000000)]
  0x000001df36183800 JavaThread "Unconstrained build operations Thread 90" [_thread_blocked, id=36684, stack(0x000000c382000000,0x000000c382100000)]
  0x000001df36185800 JavaThread "Unconstrained build operations Thread 91" [_thread_blocked, id=23748, stack(0x000000c382100000,0x000000c382200000)]
  0x000001df36182000 JavaThread "Unconstrained build operations Thread 92" [_thread_blocked, id=33344, stack(0x000000c382200000,0x000000c382300000)]
  0x000001df3617f800 JavaThread "Unconstrained build operations Thread 93" [_thread_blocked, id=35580, stack(0x000000c382300000,0x000000c382400000)]
  0x000001df36188800 JavaThread "Unconstrained build operations Thread 94" [_thread_blocked, id=21276, stack(0x000000c382400000,0x000000c382500000)]
  0x000001df36189800 JavaThread "Unconstrained build operations Thread 95" [_thread_blocked, id=33760, stack(0x000000c382500000,0x000000c382600000)]
  0x000001df36186000 JavaThread "Unconstrained build operations Thread 96" [_thread_blocked, id=21120, stack(0x000000c382600000,0x000000c382700000)]
  0x000001df36187000 JavaThread "Unconstrained build operations Thread 97" [_thread_blocked, id=12328, stack(0x000000c382700000,0x000000c382800000)]
  0x000001df3618c000 JavaThread "Unconstrained build operations Thread 98" [_thread_blocked, id=30072, stack(0x000000c382800000,0x000000c382900000)]
  0x000001df3618b000 JavaThread "Unconstrained build operations Thread 99" [_thread_blocked, id=13596, stack(0x000000c382900000,0x000000c382a00000)]
  0x000001df3618a000 JavaThread "Unconstrained build operations Thread 100" [_thread_blocked, id=2804, stack(0x000000c382a00000,0x000000c382b00000)]
  0x000001df3618c800 JavaThread "Unconstrained build operations Thread 101" [_thread_blocked, id=5180, stack(0x000000c382b00000,0x000000c382c00000)]
  0x000001df3618d800 JavaThread "Unconstrained build operations Thread 102" [_thread_blocked, id=28300, stack(0x000000c382c00000,0x000000c382d00000)]
  0x000001df36188000 JavaThread "Unconstrained build operations Thread 103" [_thread_blocked, id=32160, stack(0x000000c382d00000,0x000000c382e00000)]
  0x000001df36cf7000 JavaThread "Unconstrained build operations Thread 104" [_thread_blocked, id=22556, stack(0x000000c382e00000,0x000000c382f00000)]
  0x000001df36cf5800 JavaThread "Unconstrained build operations Thread 105" [_thread_blocked, id=35236, stack(0x000000c382f00000,0x000000c383000000)]
  0x000001df36cf3000 JavaThread "Unconstrained build operations Thread 106" [_thread_blocked, id=24176, stack(0x000000c383000000,0x000000c383100000)]
  0x000001df36cf6000 JavaThread "Unconstrained build operations Thread 107" [_thread_blocked, id=24112, stack(0x000000c383100000,0x000000c383200000)]
  0x000001df36cf2000 JavaThread "Unconstrained build operations Thread 108" [_thread_blocked, id=20548, stack(0x000000c383200000,0x000000c383300000)]
  0x000001df36cf3800 JavaThread "Unconstrained build operations Thread 109" [_thread_blocked, id=33088, stack(0x000000c383300000,0x000000c383400000)]
  0x000001df36cf4800 JavaThread "Unconstrained build operations Thread 110" [_thread_blocked, id=25824, stack(0x000000c383400000,0x000000c383500000)]
  0x000001df36cf1800 JavaThread "Unconstrained build operations Thread 111" [_thread_blocked, id=12416, stack(0x000000c383500000,0x000000c383600000)]
  0x000001df36cfb000 JavaThread "Unconstrained build operations Thread 112" [_thread_blocked, id=32020, stack(0x000000c383600000,0x000000c383700000)]
  0x000001df36cfa000 JavaThread "Unconstrained build operations Thread 113" [_thread_blocked, id=35368, stack(0x000000c383700000,0x000000c383800000)]
  0x000001df36cfc000 JavaThread "Unconstrained build operations Thread 114" [_thread_blocked, id=30252, stack(0x000000c383800000,0x000000c383900000)]
  0x000001df36cf8800 JavaThread "Unconstrained build operations Thread 115" [_thread_blocked, id=33788, stack(0x000000c383900000,0x000000c383a00000)]
  0x000001df36cfd800 JavaThread "Unconstrained build operations Thread 116" [_thread_blocked, id=16176, stack(0x000000c383a00000,0x000000c383b00000)]
  0x000001df36cf9800 JavaThread "Unconstrained build operations Thread 117" [_thread_blocked, id=27812, stack(0x000000c383b00000,0x000000c383c00000)]
  0x000001df36cfc800 JavaThread "Unconstrained build operations Thread 118" [_thread_blocked, id=37144, stack(0x000000c383c00000,0x000000c383d00000)]
  0x000001df36cf8000 JavaThread "Unconstrained build operations Thread 119" [_thread_blocked, id=37380, stack(0x000000c383d00000,0x000000c383e00000)]
  0x000001df36cfe800 JavaThread "Unconstrained build operations Thread 120" [_thread_blocked, id=9184, stack(0x000000c383e00000,0x000000c383f00000)]
  0x000001df36cff000 JavaThread "jar transforms Thread 6" [_thread_blocked, id=352, stack(0x000000c383f00000,0x000000c384000000)]
  0x000001df36d00000 JavaThread "jar transforms Thread 7" [_thread_blocked, id=20228, stack(0x000000c384000000,0x000000c384100000)]
  0x000001df34b1a800 JavaThread "jar transforms Thread 8" [_thread_blocked, id=27996, stack(0x000000c384100000,0x000000c384200000)]
  0x000001df34b19000 JavaThread "jar transforms Thread 9" [_thread_blocked, id=37252, stack(0x000000c384200000,0x000000c384300000)]
  0x000001df34b1d000 JavaThread "jar transforms Thread 10" [_thread_blocked, id=32968, stack(0x000000c384300000,0x000000c384400000)]
  0x000001df34b19800 JavaThread "jar transforms Thread 11" [_thread_blocked, id=33536, stack(0x000000c384400000,0x000000c384500000)]
  0x000001df34b1b000 JavaThread "jar transforms Thread 12" [_thread_blocked, id=31328, stack(0x000000c384500000,0x000000c384600000)]
  0x000001df34b17000 JavaThread "build event listener" [_thread_blocked, id=2780, stack(0x000000c384600000,0x000000c384700000)]

Other Threads:
  0x000001df3232c800 VMThread "VM Thread" [stack: 0x000000c3f9200000,0x000000c3f9300000] [id=30496]
  0x000001df3250a800 WatcherThread [stack: 0x000000c3f9c00000,0x000000c3f9d00000] [id=17652]
  0x000001df171d9800 GCTaskThread "GC Thread#0" [stack: 0x000000c3f8d00000,0x000000c3f8e00000] [id=11948]
  0x000001df32e19800 GCTaskThread "GC Thread#1" [stack: 0x000000c3f9d00000,0x000000c3f9e00000] [id=26556]
  0x000001df334c2000 GCTaskThread "GC Thread#2" [stack: 0x000000c3f9e00000,0x000000c3f9f00000] [id=36628]
  0x000001df32e37800 GCTaskThread "GC Thread#3" [stack: 0x000000c3f9f00000,0x000000c3fa000000] [id=23364]
  0x000001df32e38000 GCTaskThread "GC Thread#4" [stack: 0x000000c3fa000000,0x000000c3fa100000] [id=16896]
  0x000001df32e5d000 GCTaskThread "GC Thread#5" [stack: 0x000000c3fa100000,0x000000c3fa200000] [id=33460]
  0x000001df347d1800 GCTaskThread "GC Thread#6" [stack: 0x000000c3faf00000,0x000000c3fb000000] [id=26216]
  0x000001df3243a800 GCTaskThread "GC Thread#7" [stack: 0x000000c3fb000000,0x000000c3fb100000] [id=24048]
  0x000001df33df0000 GCTaskThread "GC Thread#8" [stack: 0x000000c3fb100000,0x000000c3fb200000] [id=23408]
  0x000001df334ae800 GCTaskThread "GC Thread#9" [stack: 0x000000c3fb200000,0x000000c3fb300000] [id=18748]
  0x000001df1720d000 ConcurrentGCThread "G1 Main Marker" [stack: 0x000000c3f8e00000,0x000000c3f8f00000] [id=14004]
  0x000001df1720f000 ConcurrentGCThread "G1 Conc#0" [stack: 0x000000c3f8f00000,0x000000c3f9000000] [id=12008]
  0x000001df34731800 ConcurrentGCThread "G1 Conc#1" [stack: 0x000000c3fb300000,0x000000c3fb400000] [id=32692]
  0x000001df3282f800 ConcurrentGCThread "G1 Conc#2" [stack: 0x000000c3fb400000,0x000000c3fb500000] [id=22288]
  0x000001df3197b800 ConcurrentGCThread "G1 Refine#0" [stack: 0x000000c3f9000000,0x000000c3f9100000] [id=22176]
  0x000001df3197c800 ConcurrentGCThread "G1 Young RemSet Sampling" [stack: 0x000000c3f9100000,0x000000c3f9200000] [id=23352]

Threads with active compile tasks:
C2 CompilerThread0    86712 6971   !   4       com.google.common.reflect.TypeVisitor::visit (244 bytes)

VM state:not at safepoint (normal execution)

VM Mutex/Monitor currently owned by a thread: None

Heap address: 0x0000000080000000, size: 2048 MB, Compressed Oops mode: 32-bit
Narrow klass base: 0x0000000000000000, Narrow klass shift: 3
Compressed class space size: 1073741824 Address: 0x0000000100000000

Heap:
 garbage-first heap   total 260096K, used 173358K [0x0000000080000000, 0x0000000100000000)
  region size 1024K, 146 young (149504K), 15 survivors (15360K)
 Metaspace       used 69531K, capacity 71328K, committed 71452K, reserved 1112064K
  class space    used 8863K, capacity 9547K, committed 9580K, reserved 1048576K
Heap Regions: E=young(eden), S=young(survivor), O=old, HS=humongous(starts), HC=humongous(continues), CS=collection set, F=free, A=archive, TAMS=top-at-mark-start (previous, next)
|   0|0x0000000080000000, 0x0000000080100000, 0x0000000080100000|100%| O|  |TAMS 0x0000000080100000, 0x0000000080000000| Untracked 
|   1|0x0000000080100000, 0x0000000080200000, 0x0000000080200000|100%| O|  |TAMS 0x0000000080200000, 0x0000000080100000| Untracked 
|   2|0x0000000080200000, 0x0000000080300000, 0x0000000080300000|100%| O|  |TAMS 0x0000000080300000, 0x0000000080200000| Untracked 
|   3|0x0000000080300000, 0x0000000080400000, 0x0000000080400000|100%|HS|  |TAMS 0x0000000080400000, 0x0000000080300000| Complete 
|   4|0x0000000080400000, 0x0000000080500000, 0x0000000080500000|100%|HC|  |TAMS 0x0000000080500000, 0x0000000080400000| Complete 
|   5|0x0000000080500000, 0x0000000080600000, 0x0000000080600000|100%|HC|  |TAMS 0x0000000080600000, 0x0000000080500000| Complete 
|   6|0x0000000080600000, 0x0000000080700000, 0x0000000080700000|100%| O|  |TAMS 0x0000000080700000, 0x0000000080600000| Untracked 
|   7|0x0000000080700000, 0x0000000080800000, 0x0000000080800000|100%| O|  |TAMS 0x0000000080800000, 0x0000000080700000| Untracked 
|   8|0x0000000080800000, 0x0000000080900000, 0x0000000080900000|100%| O|  |TAMS 0x0000000080900000, 0x0000000080800000| Untracked 
|   9|0x0000000080900000, 0x0000000080a00000, 0x0000000080a00000|100%| O|  |TAMS 0x0000000080a00000, 0x0000000080900000| Untracked 
|  10|0x0000000080a00000, 0x0000000080b00000, 0x0000000080b00000|100%| O|  |TAMS 0x0000000080b00000, 0x0000000080a00000| Untracked 
|  11|0x0000000080b00000, 0x0000000080c00000, 0x0000000080c00000|100%| O|  |TAMS 0x0000000080c00000, 0x0000000080b00000| Untracked 
|  12|0x0000000080c00000, 0x0000000080d00000, 0x0000000080d00000|100%| O|  |TAMS 0x0000000080d00000, 0x0000000080c00000| Untracked 
|  13|0x0000000080d00000, 0x0000000080e00000, 0x0000000080e00000|100%| O|  |TAMS 0x0000000080e00000, 0x0000000080d00000| Untracked 
|  14|0x0000000080e00000, 0x0000000080f00000, 0x0000000080f00000|100%| O|  |TAMS 0x0000000080f00000, 0x0000000080e00000| Untracked 
|  15|0x0000000080f00000, 0x0000000081000000, 0x0000000081000000|100%| O|  |TAMS 0x0000000081000000, 0x0000000080f00000| Untracked 
|  16|0x0000000081000000, 0x0000000081100000, 0x0000000081100000|100%| O|  |TAMS 0x0000000081100000, 0x0000000081000000| Untracked 
|  17|0x0000000081100000, 0x0000000081200000, 0x0000000081200000|100%| O|  |TAMS 0x0000000081200000, 0x0000000081100000| Untracked 
|  18|0x0000000081200000, 0x0000000081300000, 0x0000000081300000|100%| O|  |TAMS 0x0000000081300000, 0x0000000081200000| Untracked 
|  19|0x0000000081300000, 0x0000000081400000, 0x0000000081400000|100%| O|  |TAMS 0x0000000081400000, 0x0000000081300000| Untracked 
|  20|0x0000000081400000, 0x0000000081500000, 0x0000000081500000|100%| O|  |TAMS 0x0000000081500000, 0x0000000081400000| Untracked 
|  21|0x0000000081500000, 0x0000000081570e00, 0x0000000081600000| 44%| O|  |TAMS 0x0000000081570e00, 0x0000000081500000| Untracked 
|  22|0x0000000081600000, 0x0000000081700000, 0x0000000081700000|100%|HS|  |TAMS 0x0000000081600000, 0x0000000081600000| Complete 
|  23|0x0000000081700000, 0x0000000081800000, 0x0000000081800000|100%|HS|  |TAMS 0x0000000081700000, 0x0000000081700000| Complete 
|  24|0x0000000081800000, 0x0000000081900000, 0x0000000081900000|100%|HS|  |TAMS 0x0000000081800000, 0x0000000081800000| Complete 
|  25|0x0000000081900000, 0x0000000081900000, 0x0000000081a00000|  0%| F|  |TAMS 0x0000000081900000, 0x0000000081900000| Untracked 
|  26|0x0000000081a00000, 0x0000000081a00000, 0x0000000081b00000|  0%| F|  |TAMS 0x0000000081a00000, 0x0000000081a00000| Untracked 
|  27|0x0000000081b00000, 0x0000000081b00000, 0x0000000081c00000|  0%| F|  |TAMS 0x0000000081b00000, 0x0000000081b00000| Untracked 
|  28|0x0000000081c00000, 0x0000000081c00000, 0x0000000081d00000|  0%| F|  |TAMS 0x0000000081c00000, 0x0000000081c00000| Untracked 
|  29|0x0000000081d00000, 0x0000000081d00000, 0x0000000081e00000|  0%| F|  |TAMS 0x0000000081d00000, 0x0000000081d00000| Untracked 
|  30|0x0000000081e00000, 0x0000000081e00000, 0x0000000081f00000|  0%| F|  |TAMS 0x0000000081e00000, 0x0000000081e00000| Untracked 
|  31|0x0000000081f00000, 0x0000000081f00000, 0x0000000082000000|  0%| F|  |TAMS 0x0000000081f00000, 0x0000000081f00000| Untracked 
|  32|0x0000000082000000, 0x0000000082000000, 0x0000000082100000|  0%| F|  |TAMS 0x0000000082000000, 0x0000000082000000| Untracked 
|  33|0x0000000082100000, 0x0000000082100000, 0x0000000082200000|  0%| F|  |TAMS 0x0000000082100000, 0x0000000082100000| Untracked 
|  34|0x0000000082200000, 0x0000000082200000, 0x0000000082300000|  0%| F|  |TAMS 0x0000000082200000, 0x0000000082200000| Untracked 
|  35|0x0000000082300000, 0x0000000082300000, 0x0000000082400000|  0%| F|  |TAMS 0x0000000082300000, 0x0000000082300000| Untracked 
|  36|0x0000000082400000, 0x0000000082400000, 0x0000000082500000|  0%| F|  |TAMS 0x0000000082400000, 0x0000000082400000| Untracked 
|  37|0x0000000082500000, 0x0000000082500000, 0x0000000082600000|  0%| F|  |TAMS 0x0000000082500000, 0x0000000082500000| Untracked 
|  38|0x0000000082600000, 0x0000000082600000, 0x0000000082700000|  0%| F|  |TAMS 0x0000000082600000, 0x0000000082600000| Untracked 
|  39|0x0000000082700000, 0x0000000082700000, 0x0000000082800000|  0%| F|  |TAMS 0x0000000082700000, 0x0000000082700000| Untracked 
|  40|0x0000000082800000, 0x0000000082800000, 0x0000000082900000|  0%| F|  |TAMS 0x0000000082800000, 0x0000000082800000| Untracked 
|  41|0x0000000082900000, 0x0000000082900000, 0x0000000082a00000|  0%| F|  |TAMS 0x0000000082900000, 0x0000000082900000| Untracked 
|  42|0x0000000082a00000, 0x0000000082a00000, 0x0000000082b00000|  0%| F|  |TAMS 0x0000000082a00000, 0x0000000082a00000| Untracked 
|  43|0x0000000082b00000, 0x0000000082b00000, 0x0000000082c00000|  0%| F|  |TAMS 0x0000000082b00000, 0x0000000082b00000| Untracked 
|  44|0x0000000082c00000, 0x0000000082c00000, 0x0000000082d00000|  0%| F|  |TAMS 0x0000000082c00000, 0x0000000082c00000| Untracked 
|  45|0x0000000082d00000, 0x0000000082d00000, 0x0000000082e00000|  0%| F|  |TAMS 0x0000000082d00000, 0x0000000082d00000| Untracked 
|  46|0x0000000082e00000, 0x0000000082e00000, 0x0000000082f00000|  0%| F|  |TAMS 0x0000000082e00000, 0x0000000082e00000| Untracked 
|  47|0x0000000082f00000, 0x0000000082f00000, 0x0000000083000000|  0%| F|  |TAMS 0x0000000082f00000, 0x0000000082f00000| Untracked 
|  48|0x0000000083000000, 0x0000000083000000, 0x0000000083100000|  0%| F|  |TAMS 0x0000000083000000, 0x0000000083000000| Untracked 
|  49|0x0000000083100000, 0x0000000083100000, 0x0000000083200000|  0%| F|  |TAMS 0x0000000083100000, 0x0000000083100000| Untracked 
|  50|0x0000000083200000, 0x0000000083200000, 0x0000000083300000|  0%| F|  |TAMS 0x0000000083200000, 0x0000000083200000| Untracked 
|  51|0x0000000083300000, 0x0000000083300000, 0x0000000083400000|  0%| F|  |TAMS 0x0000000083300000, 0x0000000083300000| Untracked 
|  52|0x0000000083400000, 0x0000000083400000, 0x0000000083500000|  0%| F|  |TAMS 0x0000000083400000, 0x0000000083400000| Untracked 
|  53|0x0000000083500000, 0x0000000083500000, 0x0000000083600000|  0%| F|  |TAMS 0x0000000083500000, 0x0000000083500000| Untracked 
|  54|0x0000000083600000, 0x0000000083600000, 0x0000000083700000|  0%| F|  |TAMS 0x0000000083600000, 0x0000000083600000| Untracked 
|  55|0x0000000083700000, 0x0000000083700000, 0x0000000083800000|  0%| F|  |TAMS 0x0000000083700000, 0x0000000083700000| Untracked 
|  56|0x0000000083800000, 0x0000000083800000, 0x0000000083900000|  0%| F|  |TAMS 0x0000000083800000, 0x0000000083800000| Untracked 
|  57|0x0000000083900000, 0x0000000083900000, 0x0000000083a00000|  0%| F|  |TAMS 0x0000000083900000, 0x0000000083900000| Untracked 
|  58|0x0000000083a00000, 0x0000000083a00000, 0x0000000083b00000|  0%| F|  |TAMS 0x0000000083a00000, 0x0000000083a00000| Untracked 
|  59|0x0000000083b00000, 0x0000000083b00000, 0x0000000083c00000|  0%| F|  |TAMS 0x0000000083b00000, 0x0000000083b00000| Untracked 
|  60|0x0000000083c00000, 0x0000000083c00000, 0x0000000083d00000|  0%| F|  |TAMS 0x0000000083c00000, 0x0000000083c00000| Untracked 
|  61|0x0000000083d00000, 0x0000000083d00000, 0x0000000083e00000|  0%| F|  |TAMS 0x0000000083d00000, 0x0000000083d00000| Untracked 
|  62|0x0000000083e00000, 0x0000000083e00000, 0x0000000083f00000|  0%| F|  |TAMS 0x0000000083e00000, 0x0000000083e00000| Untracked 
|  63|0x0000000083f00000, 0x0000000083f00000, 0x0000000084000000|  0%| F|  |TAMS 0x0000000083f00000, 0x0000000083f00000| Untracked 
|  64|0x0000000084000000, 0x0000000084000000, 0x0000000084100000|  0%| F|  |TAMS 0x0000000084000000, 0x0000000084000000| Untracked 
|  65|0x0000000084100000, 0x0000000084100000, 0x0000000084200000|  0%| F|  |TAMS 0x0000000084100000, 0x0000000084100000| Untracked 
|  66|0x0000000084200000, 0x0000000084200000, 0x0000000084300000|  0%| F|  |TAMS 0x0000000084200000, 0x0000000084200000| Untracked 
|  67|0x0000000084300000, 0x0000000084300000, 0x0000000084400000|  0%| F|  |TAMS 0x0000000084300000, 0x0000000084300000| Untracked 
|  68|0x0000000084400000, 0x0000000084400000, 0x0000000084500000|  0%| F|  |TAMS 0x0000000084400000, 0x0000000084400000| Untracked 
|  69|0x0000000084500000, 0x0000000084500000, 0x0000000084600000|  0%| F|  |TAMS 0x0000000084500000, 0x0000000084500000| Untracked 
|  70|0x0000000084600000, 0x0000000084600000, 0x0000000084700000|  0%| F|  |TAMS 0x0000000084600000, 0x0000000084600000| Untracked 
|  71|0x0000000084700000, 0x0000000084700000, 0x0000000084800000|  0%| F|  |TAMS 0x0000000084700000, 0x0000000084700000| Untracked 
|  72|0x0000000084800000, 0x0000000084800000, 0x0000000084900000|  0%| F|  |TAMS 0x0000000084800000, 0x0000000084800000| Untracked 
|  73|0x0000000084900000, 0x0000000084900000, 0x0000000084a00000|  0%| F|  |TAMS 0x0000000084900000, 0x0000000084900000| Untracked 
|  74|0x0000000084a00000, 0x0000000084a00000, 0x0000000084b00000|  0%| F|  |TAMS 0x0000000084a00000, 0x0000000084a00000| Untracked 
|  75|0x0000000084b00000, 0x0000000084b00000, 0x0000000084c00000|  0%| F|  |TAMS 0x0000000084b00000, 0x0000000084b00000| Untracked 
|  76|0x0000000084c00000, 0x0000000084c00000, 0x0000000084d00000|  0%| F|  |TAMS 0x0000000084c00000, 0x0000000084c00000| Untracked 
|  77|0x0000000084d00000, 0x0000000084d00000, 0x0000000084e00000|  0%| F|  |TAMS 0x0000000084d00000, 0x0000000084d00000| Untracked 
|  78|0x0000000084e00000, 0x0000000084e00000, 0x0000000084f00000|  0%| F|  |TAMS 0x0000000084e00000, 0x0000000084e00000| Untracked 
|  79|0x0000000084f00000, 0x0000000084f00000, 0x0000000085000000|  0%| F|  |TAMS 0x0000000084f00000, 0x0000000084f00000| Untracked 
|  80|0x0000000085000000, 0x0000000085000000, 0x0000000085100000|  0%| F|  |TAMS 0x0000000085000000, 0x0000000085000000| Untracked 
|  81|0x0000000085100000, 0x0000000085100000, 0x0000000085200000|  0%| F|  |TAMS 0x0000000085100000, 0x0000000085100000| Untracked 
|  82|0x0000000085200000, 0x0000000085200000, 0x0000000085300000|  0%| F|  |TAMS 0x0000000085200000, 0x0000000085200000| Untracked 
|  83|0x0000000085300000, 0x0000000085300000, 0x0000000085400000|  0%| F|  |TAMS 0x0000000085300000, 0x0000000085300000| Untracked 
|  84|0x0000000085400000, 0x0000000085400000, 0x0000000085500000|  0%| F|  |TAMS 0x0000000085400000, 0x0000000085400000| Untracked 
|  85|0x0000000085500000, 0x0000000085500000, 0x0000000085600000|  0%| F|  |TAMS 0x0000000085500000, 0x0000000085500000| Untracked 
|  86|0x0000000085600000, 0x0000000085600000, 0x0000000085700000|  0%| F|  |TAMS 0x0000000085600000, 0x0000000085600000| Untracked 
|  87|0x0000000085700000, 0x0000000085700000, 0x0000000085800000|  0%| F|  |TAMS 0x0000000085700000, 0x0000000085700000| Untracked 
|  88|0x0000000085800000, 0x0000000085800000, 0x0000000085900000|  0%| F|  |TAMS 0x0000000085800000, 0x0000000085800000| Untracked 
|  89|0x0000000085900000, 0x0000000085900000, 0x0000000085a00000|  0%| F|  |TAMS 0x0000000085900000, 0x0000000085900000| Untracked 
|  90|0x0000000085a00000, 0x0000000085a00000, 0x0000000085b00000|  0%| F|  |TAMS 0x0000000085a00000, 0x0000000085a00000| Untracked 
|  91|0x0000000085b00000, 0x0000000085b00000, 0x0000000085c00000|  0%| F|  |TAMS 0x0000000085b00000, 0x0000000085b00000| Untracked 
|  92|0x0000000085c00000, 0x0000000085c00000, 0x0000000085d00000|  0%| F|  |TAMS 0x0000000085c00000, 0x0000000085c00000| Untracked 
|  93|0x0000000085d00000, 0x0000000085d00000, 0x0000000085e00000|  0%| F|  |TAMS 0x0000000085d00000, 0x0000000085d00000| Untracked 
|  94|0x0000000085e00000, 0x0000000085e00000, 0x0000000085f00000|  0%| F|  |TAMS 0x0000000085e00000, 0x0000000085e00000| Untracked 
|  95|0x0000000085f00000, 0x0000000085f00000, 0x0000000086000000|  0%| F|  |TAMS 0x0000000085f00000, 0x0000000085f00000| Untracked 
|  96|0x0000000086000000, 0x0000000086000000, 0x0000000086100000|  0%| F|  |TAMS 0x0000000086000000, 0x0000000086000000| Untracked 
|  97|0x0000000086100000, 0x0000000086100000, 0x0000000086200000|  0%| F|  |TAMS 0x0000000086100000, 0x0000000086100000| Untracked 
|  98|0x0000000086200000, 0x0000000086200000, 0x0000000086300000|  0%| F|  |TAMS 0x0000000086200000, 0x0000000086200000| Untracked 
|  99|0x0000000086300000, 0x0000000086300000, 0x0000000086400000|  0%| F|  |TAMS 0x0000000086300000, 0x0000000086300000| Untracked 
| 100|0x0000000086400000, 0x0000000086400000, 0x0000000086500000|  0%| F|  |TAMS 0x0000000086400000, 0x0000000086400000| Untracked 
| 101|0x0000000086500000, 0x0000000086500000, 0x0000000086600000|  0%| F|  |TAMS 0x0000000086500000, 0x0000000086500000| Untracked 
| 102|0x0000000086600000, 0x0000000086600000, 0x0000000086700000|  0%| F|  |TAMS 0x0000000086600000, 0x0000000086600000| Untracked 
| 103|0x0000000086700000, 0x0000000086700000, 0x0000000086800000|  0%| F|  |TAMS 0x0000000086700000, 0x0000000086700000| Untracked 
| 104|0x0000000086800000, 0x00000000868dacb0, 0x0000000086900000| 85%| S|CS|TAMS 0x0000000086800000, 0x0000000086800000| Complete 
| 105|0x0000000086900000, 0x0000000086a00000, 0x0000000086a00000|100%| S|CS|TAMS 0x0000000086900000, 0x0000000086900000| Complete 
| 106|0x0000000086a00000, 0x0000000086b00000, 0x0000000086b00000|100%| S|CS|TAMS 0x0000000086a00000, 0x0000000086a00000| Complete 
| 107|0x0000000086b00000, 0x0000000086c00000, 0x0000000086c00000|100%| S|CS|TAMS 0x0000000086b00000, 0x0000000086b00000| Complete 
| 108|0x0000000086c00000, 0x0000000086d00000, 0x0000000086d00000|100%| S|CS|TAMS 0x0000000086c00000, 0x0000000086c00000| Complete 
| 109|0x0000000086d00000, 0x0000000086e00000, 0x0000000086e00000|100%| S|CS|TAMS 0x0000000086d00000, 0x0000000086d00000| Complete 
| 110|0x0000000086e00000, 0x0000000086f00000, 0x0000000086f00000|100%| S|CS|TAMS 0x0000000086e00000, 0x0000000086e00000| Complete 
| 111|0x0000000086f00000, 0x0000000087000000, 0x0000000087000000|100%| S|CS|TAMS 0x0000000086f00000, 0x0000000086f00000| Complete 
| 112|0x0000000087000000, 0x0000000087100000, 0x0000000087100000|100%| S|CS|TAMS 0x0000000087000000, 0x0000000087000000| Complete 
| 113|0x0000000087100000, 0x0000000087200000, 0x0000000087200000|100%| S|CS|TAMS 0x0000000087100000, 0x0000000087100000| Complete 
| 114|0x0000000087200000, 0x0000000087300000, 0x0000000087300000|100%| S|CS|TAMS 0x0000000087200000, 0x0000000087200000| Complete 
| 115|0x0000000087300000, 0x0000000087400000, 0x0000000087400000|100%| S|CS|TAMS 0x0000000087300000, 0x0000000087300000| Complete 
| 116|0x0000000087400000, 0x0000000087500000, 0x0000000087500000|100%| S|CS|TAMS 0x0000000087400000, 0x0000000087400000| Complete 
| 117|0x0000000087500000, 0x0000000087600000, 0x0000000087600000|100%| S|CS|TAMS 0x0000000087500000, 0x0000000087500000| Complete 
| 118|0x0000000087600000, 0x0000000087700000, 0x0000000087700000|100%| S|CS|TAMS 0x0000000087600000, 0x0000000087600000| Complete 
| 119|0x0000000087700000, 0x0000000087700000, 0x0000000087800000|  0%| F|  |TAMS 0x0000000087700000, 0x0000000087700000| Untracked 
| 120|0x0000000087800000, 0x0000000087800000, 0x0000000087900000|  0%| F|  |TAMS 0x0000000087800000, 0x0000000087800000| Untracked 
| 121|0x0000000087900000, 0x0000000087900000, 0x0000000087a00000|  0%| F|  |TAMS 0x0000000087900000, 0x0000000087900000| Untracked 
| 122|0x0000000087a00000, 0x0000000087a00000, 0x0000000087b00000|  0%| F|  |TAMS 0x0000000087a00000, 0x0000000087a00000| Untracked 
| 123|0x0000000087b00000, 0x0000000087c00000, 0x0000000087c00000|100%| E|  |TAMS 0x0000000087b00000, 0x0000000087b00000| Complete 
| 124|0x0000000087c00000, 0x0000000087d00000, 0x0000000087d00000|100%| E|CS|TAMS 0x0000000087c00000, 0x0000000087c00000| Complete 
| 125|0x0000000087d00000, 0x0000000087e00000, 0x0000000087e00000|100%| E|CS|TAMS 0x0000000087d00000, 0x0000000087d00000| Complete 
| 126|0x0000000087e00000, 0x0000000087f00000, 0x0000000087f00000|100%| E|CS|TAMS 0x0000000087e00000, 0x0000000087e00000| Complete 
| 127|0x0000000087f00000, 0x0000000088000000, 0x0000000088000000|100%| E|CS|TAMS 0x0000000087f00000, 0x0000000087f00000| Complete 
| 128|0x0000000088000000, 0x0000000088100000, 0x0000000088100000|100%| E|CS|TAMS 0x0000000088000000, 0x0000000088000000| Complete 
| 129|0x0000000088100000, 0x0000000088200000, 0x0000000088200000|100%| E|CS|TAMS 0x0000000088100000, 0x0000000088100000| Complete 
| 130|0x0000000088200000, 0x0000000088300000, 0x0000000088300000|100%| E|CS|TAMS 0x0000000088200000, 0x0000000088200000| Complete 
| 131|0x0000000088300000, 0x0000000088400000, 0x0000000088400000|100%| E|CS|TAMS 0x0000000088300000, 0x0000000088300000| Complete 
| 132|0x0000000088400000, 0x0000000088500000, 0x0000000088500000|100%| E|CS|TAMS 0x0000000088400000, 0x0000000088400000| Complete 
| 133|0x0000000088500000, 0x0000000088600000, 0x0000000088600000|100%| E|CS|TAMS 0x0000000088500000, 0x0000000088500000| Complete 
| 134|0x0000000088600000, 0x0000000088700000, 0x0000000088700000|100%| E|CS|TAMS 0x0000000088600000, 0x0000000088600000| Complete 
| 135|0x0000000088700000, 0x0000000088800000, 0x0000000088800000|100%| E|CS|TAMS 0x0000000088700000, 0x0000000088700000| Complete 
| 136|0x0000000088800000, 0x0000000088900000, 0x0000000088900000|100%| E|CS|TAMS 0x0000000088800000, 0x0000000088800000| Complete 
| 137|0x0000000088900000, 0x0000000088a00000, 0x0000000088a00000|100%| E|CS|TAMS 0x0000000088900000, 0x0000000088900000| Complete 
| 138|0x0000000088a00000, 0x0000000088b00000, 0x0000000088b00000|100%| E|CS|TAMS 0x0000000088a00000, 0x0000000088a00000| Complete 
| 139|0x0000000088b00000, 0x0000000088c00000, 0x0000000088c00000|100%| E|CS|TAMS 0x0000000088b00000, 0x0000000088b00000| Complete 
| 140|0x0000000088c00000, 0x0000000088d00000, 0x0000000088d00000|100%| E|CS|TAMS 0x0000000088c00000, 0x0000000088c00000| Complete 
| 141|0x0000000088d00000, 0x0000000088e00000, 0x0000000088e00000|100%| E|CS|TAMS 0x0000000088d00000, 0x0000000088d00000| Complete 
| 142|0x0000000088e00000, 0x0000000088f00000, 0x0000000088f00000|100%| E|CS|TAMS 0x0000000088e00000, 0x0000000088e00000| Complete 
| 143|0x0000000088f00000, 0x0000000089000000, 0x0000000089000000|100%| E|CS|TAMS 0x0000000088f00000, 0x0000000088f00000| Complete 
| 144|0x0000000089000000, 0x0000000089100000, 0x0000000089100000|100%| E|CS|TAMS 0x0000000089000000, 0x0000000089000000| Complete 
| 145|0x0000000089100000, 0x0000000089200000, 0x0000000089200000|100%| E|CS|TAMS 0x0000000089100000, 0x0000000089100000| Complete 
| 146|0x0000000089200000, 0x0000000089300000, 0x0000000089300000|100%| E|CS|TAMS 0x0000000089200000, 0x0000000089200000| Complete 
| 147|0x0000000089300000, 0x0000000089400000, 0x0000000089400000|100%| E|CS|TAMS 0x0000000089300000, 0x0000000089300000| Complete 
| 148|0x0000000089400000, 0x0000000089500000, 0x0000000089500000|100%| E|CS|TAMS 0x0000000089400000, 0x0000000089400000| Complete 
| 149|0x0000000089500000, 0x0000000089600000, 0x0000000089600000|100%| E|CS|TAMS 0x0000000089500000, 0x0000000089500000| Complete 
| 150|0x0000000089600000, 0x0000000089700000, 0x0000000089700000|100%| E|CS|TAMS 0x0000000089600000, 0x0000000089600000| Complete 
| 151|0x0000000089700000, 0x0000000089800000, 0x0000000089800000|100%| E|CS|TAMS 0x0000000089700000, 0x0000000089700000| Complete 
| 152|0x0000000089800000, 0x0000000089900000, 0x0000000089900000|100%| E|CS|TAMS 0x0000000089800000, 0x0000000089800000| Complete 
| 153|0x0000000089900000, 0x0000000089a00000, 0x0000000089a00000|100%| E|CS|TAMS 0x0000000089900000, 0x0000000089900000| Complete 
| 154|0x0000000089a00000, 0x0000000089b00000, 0x0000000089b00000|100%| E|CS|TAMS 0x0000000089a00000, 0x0000000089a00000| Complete 
| 155|0x0000000089b00000, 0x0000000089c00000, 0x0000000089c00000|100%| E|CS|TAMS 0x0000000089b00000, 0x0000000089b00000| Complete 
| 156|0x0000000089c00000, 0x0000000089d00000, 0x0000000089d00000|100%| E|CS|TAMS 0x0000000089c00000, 0x0000000089c00000| Complete 
| 157|0x0000000089d00000, 0x0000000089e00000, 0x0000000089e00000|100%| E|CS|TAMS 0x0000000089d00000, 0x0000000089d00000| Complete 
| 158|0x0000000089e00000, 0x0000000089f00000, 0x0000000089f00000|100%| E|CS|TAMS 0x0000000089e00000, 0x0000000089e00000| Complete 
| 159|0x0000000089f00000, 0x000000008a000000, 0x000000008a000000|100%| E|CS|TAMS 0x0000000089f00000, 0x0000000089f00000| Complete 
| 160|0x000000008a000000, 0x000000008a100000, 0x000000008a100000|100%| E|CS|TAMS 0x000000008a000000, 0x000000008a000000| Complete 
| 161|0x000000008a100000, 0x000000008a200000, 0x000000008a200000|100%| E|CS|TAMS 0x000000008a100000, 0x000000008a100000| Complete 
| 162|0x000000008a200000, 0x000000008a300000, 0x000000008a300000|100%| E|CS|TAMS 0x000000008a200000, 0x000000008a200000| Complete 
| 163|0x000000008a300000, 0x000000008a400000, 0x000000008a400000|100%| E|CS|TAMS 0x000000008a300000, 0x000000008a300000| Complete 
| 164|0x000000008a400000, 0x000000008a500000, 0x000000008a500000|100%| E|CS|TAMS 0x000000008a400000, 0x000000008a400000| Complete 
| 165|0x000000008a500000, 0x000000008a600000, 0x000000008a600000|100%| E|CS|TAMS 0x000000008a500000, 0x000000008a500000| Complete 
| 166|0x000000008a600000, 0x000000008a700000, 0x000000008a700000|100%| E|CS|TAMS 0x000000008a600000, 0x000000008a600000| Complete 
| 167|0x000000008a700000, 0x000000008a800000, 0x000000008a800000|100%| E|CS|TAMS 0x000000008a700000, 0x000000008a700000| Complete 
| 168|0x000000008a800000, 0x000000008a900000, 0x000000008a900000|100%| E|CS|TAMS 0x000000008a800000, 0x000000008a800000| Complete 
| 169|0x000000008a900000, 0x000000008aa00000, 0x000000008aa00000|100%| E|CS|TAMS 0x000000008a900000, 0x000000008a900000| Complete 
| 170|0x000000008aa00000, 0x000000008ab00000, 0x000000008ab00000|100%| E|CS|TAMS 0x000000008aa00000, 0x000000008aa00000| Complete 
| 171|0x000000008ab00000, 0x000000008ac00000, 0x000000008ac00000|100%| E|CS|TAMS 0x000000008ab00000, 0x000000008ab00000| Complete 
| 172|0x000000008ac00000, 0x000000008ad00000, 0x000000008ad00000|100%| E|CS|TAMS 0x000000008ac00000, 0x000000008ac00000| Complete 
| 173|0x000000008ad00000, 0x000000008ae00000, 0x000000008ae00000|100%| E|CS|TAMS 0x000000008ad00000, 0x000000008ad00000| Complete 
| 174|0x000000008ae00000, 0x000000008af00000, 0x000000008af00000|100%| E|CS|TAMS 0x000000008ae00000, 0x000000008ae00000| Complete 
| 175|0x000000008af00000, 0x000000008b000000, 0x000000008b000000|100%| E|CS|TAMS 0x000000008af00000, 0x000000008af00000| Complete 
| 176|0x000000008b000000, 0x000000008b100000, 0x000000008b100000|100%| E|CS|TAMS 0x000000008b000000, 0x000000008b000000| Complete 
| 177|0x000000008b100000, 0x000000008b200000, 0x000000008b200000|100%| E|CS|TAMS 0x000000008b100000, 0x000000008b100000| Complete 
| 178|0x000000008b200000, 0x000000008b300000, 0x000000008b300000|100%| E|CS|TAMS 0x000000008b200000, 0x000000008b200000| Complete 
| 179|0x000000008b300000, 0x000000008b400000, 0x000000008b400000|100%| E|CS|TAMS 0x000000008b300000, 0x000000008b300000| Complete 
| 180|0x000000008b400000, 0x000000008b500000, 0x000000008b500000|100%| E|CS|TAMS 0x000000008b400000, 0x000000008b400000| Complete 
| 181|0x000000008b500000, 0x000000008b600000, 0x000000008b600000|100%| E|CS|TAMS 0x000000008b500000, 0x000000008b500000| Complete 
| 182|0x000000008b600000, 0x000000008b700000, 0x000000008b700000|100%| E|CS|TAMS 0x000000008b600000, 0x000000008b600000| Complete 
| 183|0x000000008b700000, 0x000000008b800000, 0x000000008b800000|100%| E|CS|TAMS 0x000000008b700000, 0x000000008b700000| Complete 
| 184|0x000000008b800000, 0x000000008b900000, 0x000000008b900000|100%| E|CS|TAMS 0x000000008b800000, 0x000000008b800000| Complete 
| 185|0x000000008b900000, 0x000000008ba00000, 0x000000008ba00000|100%| E|CS|TAMS 0x000000008b900000, 0x000000008b900000| Complete 
| 186|0x000000008ba00000, 0x000000008bb00000, 0x000000008bb00000|100%| E|CS|TAMS 0x000000008ba00000, 0x000000008ba00000| Complete 
| 187|0x000000008bb00000, 0x000000008bc00000, 0x000000008bc00000|100%| E|CS|TAMS 0x000000008bb00000, 0x000000008bb00000| Complete 
| 188|0x000000008bc00000, 0x000000008bd00000, 0x000000008bd00000|100%| E|CS|TAMS 0x000000008bc00000, 0x000000008bc00000| Complete 
| 189|0x000000008bd00000, 0x000000008be00000, 0x000000008be00000|100%| E|CS|TAMS 0x000000008bd00000, 0x000000008bd00000| Complete 
| 190|0x000000008be00000, 0x000000008bf00000, 0x000000008bf00000|100%| E|CS|TAMS 0x000000008be00000, 0x000000008be00000| Complete 
| 191|0x000000008bf00000, 0x000000008c000000, 0x000000008c000000|100%| E|CS|TAMS 0x000000008bf00000, 0x000000008bf00000| Complete 
| 192|0x000000008c000000, 0x000000008c100000, 0x000000008c100000|100%| E|CS|TAMS 0x000000008c000000, 0x000000008c000000| Complete 
| 193|0x000000008c100000, 0x000000008c200000, 0x000000008c200000|100%| E|CS|TAMS 0x000000008c100000, 0x000000008c100000| Complete 
| 194|0x000000008c200000, 0x000000008c300000, 0x000000008c300000|100%| E|CS|TAMS 0x000000008c200000, 0x000000008c200000| Complete 
| 195|0x000000008c300000, 0x000000008c400000, 0x000000008c400000|100%| E|CS|TAMS 0x000000008c300000, 0x000000008c300000| Complete 
| 196|0x000000008c400000, 0x000000008c500000, 0x000000008c500000|100%| E|CS|TAMS 0x000000008c400000, 0x000000008c400000| Complete 
| 197|0x000000008c500000, 0x000000008c600000, 0x000000008c600000|100%| E|CS|TAMS 0x000000008c500000, 0x000000008c500000| Complete 
| 198|0x000000008c600000, 0x000000008c700000, 0x000000008c700000|100%| E|CS|TAMS 0x000000008c600000, 0x000000008c600000| Complete 
| 199|0x000000008c700000, 0x000000008c800000, 0x000000008c800000|100%| E|CS|TAMS 0x000000008c700000, 0x000000008c700000| Complete 
| 200|0x000000008c800000, 0x000000008c900000, 0x000000008c900000|100%| E|CS|TAMS 0x000000008c800000, 0x000000008c800000| Complete 
| 201|0x000000008c900000, 0x000000008ca00000, 0x000000008ca00000|100%| E|CS|TAMS 0x000000008c900000, 0x000000008c900000| Complete 
| 202|0x000000008ca00000, 0x000000008cb00000, 0x000000008cb00000|100%| E|CS|TAMS 0x000000008ca00000, 0x000000008ca00000| Complete 
| 203|0x000000008cb00000, 0x000000008cc00000, 0x000000008cc00000|100%| E|CS|TAMS 0x000000008cb00000, 0x000000008cb00000| Complete 
| 204|0x000000008cc00000, 0x000000008cd00000, 0x000000008cd00000|100%| E|CS|TAMS 0x000000008cc00000, 0x000000008cc00000| Complete 
| 205|0x000000008cd00000, 0x000000008ce00000, 0x000000008ce00000|100%| E|CS|TAMS 0x000000008cd00000, 0x000000008cd00000| Complete 
| 206|0x000000008ce00000, 0x000000008cf00000, 0x000000008cf00000|100%| E|CS|TAMS 0x000000008ce00000, 0x000000008ce00000| Complete 
| 207|0x000000008cf00000, 0x000000008d000000, 0x000000008d000000|100%| E|CS|TAMS 0x000000008cf00000, 0x000000008cf00000| Complete 
| 208|0x000000008d000000, 0x000000008d100000, 0x000000008d100000|100%| E|CS|TAMS 0x000000008d000000, 0x000000008d000000| Complete 
| 209|0x000000008d100000, 0x000000008d200000, 0x000000008d200000|100%| E|CS|TAMS 0x000000008d100000, 0x000000008d100000| Complete 
| 210|0x000000008d200000, 0x000000008d300000, 0x000000008d300000|100%| E|CS|TAMS 0x000000008d200000, 0x000000008d200000| Complete 
| 211|0x000000008d300000, 0x000000008d400000, 0x000000008d400000|100%| E|CS|TAMS 0x000000008d300000, 0x000000008d300000| Complete 
| 212|0x000000008d400000, 0x000000008d500000, 0x000000008d500000|100%| E|CS|TAMS 0x000000008d400000, 0x000000008d400000| Complete 
| 213|0x000000008d500000, 0x000000008d600000, 0x000000008d600000|100%| E|CS|TAMS 0x000000008d500000, 0x000000008d500000| Complete 
| 214|0x000000008d600000, 0x000000008d700000, 0x000000008d700000|100%| E|CS|TAMS 0x000000008d600000, 0x000000008d600000| Complete 
| 215|0x000000008d700000, 0x000000008d800000, 0x000000008d800000|100%| E|CS|TAMS 0x000000008d700000, 0x000000008d700000| Complete 
| 216|0x000000008d800000, 0x000000008d900000, 0x000000008d900000|100%| E|CS|TAMS 0x000000008d800000, 0x000000008d800000| Complete 
| 217|0x000000008d900000, 0x000000008da00000, 0x000000008da00000|100%| E|CS|TAMS 0x000000008d900000, 0x000000008d900000| Complete 
| 218|0x000000008da00000, 0x000000008db00000, 0x000000008db00000|100%| E|CS|TAMS 0x000000008da00000, 0x000000008da00000| Complete 
| 219|0x000000008db00000, 0x000000008dc00000, 0x000000008dc00000|100%| E|CS|TAMS 0x000000008db00000, 0x000000008db00000| Complete 
| 220|0x000000008dc00000, 0x000000008dd00000, 0x000000008dd00000|100%| E|CS|TAMS 0x000000008dc00000, 0x000000008dc00000| Complete 
| 221|0x000000008dd00000, 0x000000008de00000, 0x000000008de00000|100%| E|CS|TAMS 0x000000008dd00000, 0x000000008dd00000| Complete 
| 222|0x000000008de00000, 0x000000008df00000, 0x000000008df00000|100%| E|CS|TAMS 0x000000008de00000, 0x000000008de00000| Complete 
| 223|0x000000008df00000, 0x000000008e000000, 0x000000008e000000|100%| E|CS|TAMS 0x000000008df00000, 0x000000008df00000| Complete 
| 224|0x000000008e000000, 0x000000008e100000, 0x000000008e100000|100%| E|CS|TAMS 0x000000008e000000, 0x000000008e000000| Complete 
| 225|0x000000008e100000, 0x000000008e200000, 0x000000008e200000|100%| E|CS|TAMS 0x000000008e100000, 0x000000008e100000| Complete 
| 226|0x000000008e200000, 0x000000008e300000, 0x000000008e300000|100%| E|CS|TAMS 0x000000008e200000, 0x000000008e200000| Complete 
| 227|0x000000008e300000, 0x000000008e400000, 0x000000008e400000|100%| E|CS|TAMS 0x000000008e300000, 0x000000008e300000| Complete 
| 228|0x000000008e400000, 0x000000008e500000, 0x000000008e500000|100%| E|CS|TAMS 0x000000008e400000, 0x000000008e400000| Complete 
| 229|0x000000008e500000, 0x000000008e600000, 0x000000008e600000|100%| E|CS|TAMS 0x000000008e500000, 0x000000008e500000| Complete 
| 230|0x000000008e600000, 0x000000008e700000, 0x000000008e700000|100%| E|CS|TAMS 0x000000008e600000, 0x000000008e600000| Complete 
| 231|0x000000008e700000, 0x000000008e800000, 0x000000008e800000|100%| E|CS|TAMS 0x000000008e700000, 0x000000008e700000| Complete 
| 232|0x000000008e800000, 0x000000008e900000, 0x000000008e900000|100%| E|CS|TAMS 0x000000008e800000, 0x000000008e800000| Complete 
| 233|0x000000008e900000, 0x000000008ea00000, 0x000000008ea00000|100%| E|CS|TAMS 0x000000008e900000, 0x000000008e900000| Complete 
| 234|0x000000008ea00000, 0x000000008eb00000, 0x000000008eb00000|100%| E|CS|TAMS 0x000000008ea00000, 0x000000008ea00000| Complete 
| 235|0x000000008eb00000, 0x000000008ec00000, 0x000000008ec00000|100%| E|CS|TAMS 0x000000008eb00000, 0x000000008eb00000| Complete 
| 236|0x000000008ec00000, 0x000000008ed00000, 0x000000008ed00000|100%| E|CS|TAMS 0x000000008ec00000, 0x000000008ec00000| Complete 
| 237|0x000000008ed00000, 0x000000008ee00000, 0x000000008ee00000|100%| E|CS|TAMS 0x000000008ed00000, 0x000000008ed00000| Complete 
| 238|0x000000008ee00000, 0x000000008ef00000, 0x000000008ef00000|100%| E|CS|TAMS 0x000000008ee00000, 0x000000008ee00000| Complete 
| 239|0x000000008ef00000, 0x000000008f000000, 0x000000008f000000|100%| E|CS|TAMS 0x000000008ef00000, 0x000000008ef00000| Complete 
| 240|0x000000008f000000, 0x000000008f100000, 0x000000008f100000|100%| E|CS|TAMS 0x000000008f000000, 0x000000008f000000| Complete 
| 241|0x000000008f100000, 0x000000008f200000, 0x000000008f200000|100%| E|CS|TAMS 0x000000008f100000, 0x000000008f100000| Complete 
| 242|0x000000008f200000, 0x000000008f300000, 0x000000008f300000|100%| E|CS|TAMS 0x000000008f200000, 0x000000008f200000| Complete 
| 243|0x000000008f300000, 0x000000008f400000, 0x000000008f400000|100%| E|CS|TAMS 0x000000008f300000, 0x000000008f300000| Complete 
| 244|0x000000008f400000, 0x000000008f500000, 0x000000008f500000|100%| E|CS|TAMS 0x000000008f400000, 0x000000008f400000| Complete 
| 245|0x000000008f500000, 0x000000008f600000, 0x000000008f600000|100%| E|CS|TAMS 0x000000008f500000, 0x000000008f500000| Complete 
| 246|0x000000008f600000, 0x000000008f700000, 0x000000008f700000|100%| E|CS|TAMS 0x000000008f600000, 0x000000008f600000| Complete 
| 247|0x000000008f700000, 0x000000008f800000, 0x000000008f800000|100%| E|CS|TAMS 0x000000008f700000, 0x000000008f700000| Complete 
| 248|0x000000008f800000, 0x000000008f900000, 0x000000008f900000|100%| E|CS|TAMS 0x000000008f800000, 0x000000008f800000| Complete 
| 249|0x000000008f900000, 0x000000008fa00000, 0x000000008fa00000|100%| E|CS|TAMS 0x000000008f900000, 0x000000008f900000| Complete 
| 250|0x000000008fa00000, 0x000000008fb00000, 0x000000008fb00000|100%| E|CS|TAMS 0x000000008fa00000, 0x000000008fa00000| Complete 
| 251|0x000000008fb00000, 0x000000008fc00000, 0x000000008fc00000|100%| E|CS|TAMS 0x000000008fb00000, 0x000000008fb00000| Complete 
| 252|0x000000008fc00000, 0x000000008fd00000, 0x000000008fd00000|100%| E|CS|TAMS 0x000000008fc00000, 0x000000008fc00000| Complete 
| 253|0x000000008fd00000, 0x000000008fe00000, 0x000000008fe00000|100%| E|CS|TAMS 0x000000008fd00000, 0x000000008fd00000| Complete 

Card table byte_map: [0x000001df2a630000,0x000001df2aa30000] _byte_map_base: 0x000001df2a230000

Marking Bits (Prev, Next): (CMBitMap*) 0x000001df17204620, (CMBitMap*) 0x000001df172045e8
 Prev Bits: [0x000001df2ce30000, 0x000001df2ee30000)
 Next Bits: [0x000001df2ae30000, 0x000001df2ce30000)

Polling page: 0x000001df15120000

Metaspace:

Usage:
  Non-class:     60.33 MB capacity,    59.25 MB ( 98%) used,   918.24 KB (  1%) free+waste,   194.75 KB ( <1%) overhead. 
      Class:      9.32 MB capacity,     8.66 MB ( 93%) used,   591.25 KB (  6%) free+waste,    92.69 KB ( <1%) overhead. 
       Both:     69.66 MB capacity,    67.90 MB ( 97%) used,     1.47 MB (  2%) free+waste,   287.44 KB ( <1%) overhead. 

Virtual space:
  Non-class space:       62.00 MB reserved,      60.42 MB ( 97%) committed 
      Class space:        1.00 GB reserved,       9.36 MB ( <1%) committed 
             Both:        1.06 GB reserved,      69.78 MB (  6%) committed 

Chunk freelists:
   Non-Class:  27.00 KB
       Class:  21.00 KB
        Both:  48.00 KB

MaxMetaspaceSize: 17179869184.00 GB
CompressedClassSpaceSize: 1.00 GB
Initial GC threshold: 20.80 MB
Current GC threshold: 98.59 MB
CDS: off

CodeHeap 'non-profiled nmethods': size=120000Kb used=3958Kb max_used=3958Kb free=116041Kb
 bounds [0x000001df227b0000, 0x000001df22b90000, 0x000001df29ce0000]
CodeHeap 'profiled nmethods': size=120000Kb used=14381Kb max_used=14381Kb free=105618Kb
 bounds [0x000001df1b280000, 0x000001df1c090000, 0x000001df227b0000]
CodeHeap 'non-nmethods': size=5760Kb used=2370Kb max_used=2385Kb free=3389Kb
 bounds [0x000001df1ace0000, 0x000001df1af50000, 0x000001df1b280000]
 total_blobs=7930 nmethods=7038 adapters=804
 compilation: enabled
              stopped_count=0, restarted_count=0
 full_count=0

Compilation events (20 events):
Event: 86.370 Thread 0x000001df323a0800 7098       3       java.lang.invoke.InvokerBytecodeGenerator::constantPlaceholder (97 bytes)
Event: 86.374 Thread 0x000001df323a0800 nmethod 7098 0x000001df1c06b510 code [0x000001df1c06b800, 0x000001df1c06c718]
Event: 86.374 Thread 0x000001df323a0800 7100       3       java.lang.invoke.InvokerBytecodeGenerator::<init> (108 bytes)
Event: 86.376 Thread 0x000001df323a0800 nmethod 7100 0x000001df1c06cd10 code [0x000001df1c06cf80, 0x000001df1c06da98]
Event: 86.377 Thread 0x000001df323a0800 7099       3       java.lang.invoke.InvokerBytecodeGenerator::emitReturnInsn (126 bytes)
Event: 86.379 Thread 0x000001df323a0800 nmethod 7099 0x000001df1c06de10 code [0x000001df1c06e0c0, 0x000001df1c06ed28]
Event: 86.380 Thread 0x000001df323a0800 7106       3       sun.invoke.util.VerifyType::isNullType (18 bytes)
Event: 86.380 Thread 0x000001df323a0800 nmethod 7106 0x000001df1c06f110 code [0x000001df1c06f2c0, 0x000001df1c06f458]
Event: 86.381 Thread 0x000001df323a0800 7107       3       java.lang.invoke.LambdaFormBuffer::insertName (106 bytes)
Event: 86.381 Thread 0x000001df323a0800 nmethod 7107 0x000001df1c06f510 code [0x000001df1c06f6e0, 0x000001df1c06f8f8]
Event: 86.382 Thread 0x000001df323a0800 7110       3       java.lang.invoke.LambdaFormBuffer::insertExpression (30 bytes)
Event: 86.383 Thread 0x000001df323a0800 nmethod 7110 0x000001df1c06fa10 code [0x000001df1c06fbc0, 0x000001df1c06fd08]
Event: 86.385 Thread 0x000001df323a0800 7114       3       jdk.internal.loader.URLClassPath$1::next (59 bytes)
Event: 86.386 Thread 0x000001df323a0800 nmethod 7114 0x000001df1c06fd90 code [0x000001df1c06ff80, 0x000001df1c070358]
Event: 86.426 Thread 0x000001df323a0800 7115       3       org.gradle.api.internal.provider.AbstractProperty::getValidationDisplayName (16 bytes)
Event: 86.426 Thread 0x000001df323a0800 nmethod 7115 0x000001df1c070490 code [0x000001df1c070640, 0x000001df1c070798]
Event: 86.427 Thread 0x000001df323a0800 7116       3       org.gradle.internal.isolated.IsolationScheme::parameterTypeFor (115 bytes)
Event: 86.428 Thread 0x000001df323a0800 nmethod 7116 0x000001df1c070810 code [0x000001df1c070a80, 0x000001df1c071448]
Event: 86.428 Thread 0x000001df323a0800 7117       3       org.gradle.internal.isolated.IsolationScheme::inferParameterType (130 bytes)
Event: 86.431 Thread 0x000001df323a0800 nmethod 7117 0x000001df1c071690 code [0x000001df1c071a60, 0x000001df1c0737d8]

GC Heap History (12 events):
Event: 5.344 GC heap before
{Heap before GC invocations=0 (full 0):
 garbage-first heap   total 260096K, used 29696K [0x0000000080000000, 0x0000000100000000)
  region size 1024K, 24 young (24576K), 0 survivors (0K)
 Metaspace       used 9782K, capacity 9956K, committed 10112K, reserved 1058816K
  class space    used 1000K, capacity 1069K, committed 1152K, reserved 1048576K
}
Event: 5.351 GC heap after
{Heap after GC invocations=1 (full 0):
 garbage-first heap   total 260096K, used 9023K [0x0000000080000000, 0x0000000100000000)
  region size 1024K, 3 young (3072K), 3 survivors (3072K)
 Metaspace       used 9782K, capacity 9956K, committed 10112K, reserved 1058816K
  class space    used 1000K, capacity 1069K, committed 1152K, reserved 1048576K
}
Event: 12.420 GC heap before
{Heap before GC invocations=1 (full 0):
 garbage-first heap   total 260096K, used 106303K [0x0000000080000000, 0x0000000100000000)
  region size 1024K, 99 young (101376K), 3 survivors (3072K)
 Metaspace       used 20774K, capacity 21188K, committed 21296K, reserved 1069056K
  class space    used 2523K, capacity 2685K, committed 2688K, reserved 1048576K
}
Event: 12.442 GC heap after
{Heap after GC invocations=2 (full 0):
 garbage-first heap   total 260096K, used 16685K [0x0000000080000000, 0x0000000100000000)
  region size 1024K, 11 young (11264K), 11 survivors (11264K)
 Metaspace       used 20774K, capacity 21188K, committed 21296K, reserved 1069056K
  class space    used 2523K, capacity 2685K, committed 2688K, reserved 1048576K
}
Event: 15.389 GC heap before
{Heap before GC invocations=3 (full 0):
 garbage-first heap   total 260096K, used 55597K [0x0000000080000000, 0x0000000100000000)
  region size 1024K, 50 young (51200K), 11 survivors (11264K)
 Metaspace       used 24645K, capacity 25195K, committed 25392K, reserved 1071104K
  class space    used 3160K, capacity 3348K, committed 3456K, reserved 1048576K
}
Event: 15.402 GC heap after
{Heap after GC invocations=4 (full 0):
 garbage-first heap   total 260096K, used 18485K [0x0000000080000000, 0x0000000100000000)
  region size 1024K, 2 young (2048K), 2 survivors (2048K)
 Metaspace       used 24645K, capacity 25195K, committed 25392K, reserved 1071104K
  class space    used 3160K, capacity 3348K, committed 3456K, reserved 1048576K
}
Event: 22.912 GC heap before
{Heap before GC invocations=4 (full 0):
 garbage-first heap   total 260096K, used 100405K [0x0000000080000000, 0x0000000100000000)
  region size 1024K, 83 young (84992K), 2 survivors (2048K)
 Metaspace       used 34903K, capacity 35728K, committed 35888K, reserved 1081344K
  class space    used 4562K, capacity 4887K, committed 4992K, reserved 1048576K
}
Event: 22.929 GC heap after
{Heap after GC invocations=5 (full 0):
 garbage-first heap   total 260096K, used 22351K [0x0000000080000000, 0x0000000100000000)
  region size 1024K, 6 young (6144K), 6 survivors (6144K)
 Metaspace       used 34903K, capacity 35728K, committed 35888K, reserved 1081344K
  class space    used 4562K, capacity 4887K, committed 4992K, reserved 1048576K
}
Event: 29.279 GC heap before
{Heap before GC invocations=6 (full 0):
 garbage-first heap   total 260096K, used 137039K [0x0000000080000000, 0x0000000100000000)
  region size 1024K, 115 young (117760K), 6 survivors (6144K)
 Metaspace       used 46223K, capacity 47331K, committed 47536K, reserved 1091584K
  class space    used 5931K, capacity 6351K, committed 6400K, reserved 1048576K
}
Event: 29.295 GC heap after
{Heap after GC invocations=7 (full 0):
 garbage-first heap   total 260096K, used 30099K [0x0000000080000000, 0x0000000100000000)
  region size 1024K, 13 young (13312K), 13 survivors (13312K)
 Metaspace       used 46223K, capacity 47331K, committed 47536K, reserved 1091584K
  class space    used 5931K, capacity 6351K, committed 6400K, reserved 1048576K
}
Event: 50.015 GC heap before
{Heap before GC invocations=7 (full 0):
 garbage-first heap   total 260096K, used 154003K [0x0000000080000000, 0x0000000100000000)
  region size 1024K, 135 young (138240K), 13 survivors (13312K)
 Metaspace       used 58726K, capacity 60145K, committed 60208K, reserved 1101824K
  class space    used 7518K, capacity 8055K, committed 8064K, reserved 1048576K
}
Event: 50.066 GC heap after
{Heap after GC invocations=8 (full 0):
 garbage-first heap   total 260096K, used 37166K [0x0000000080000000, 0x0000000100000000)
  region size 1024K, 15 young (15360K), 15 survivors (15360K)
 Metaspace       used 58726K, capacity 60145K, committed 60208K, reserved 1101824K
  class space    used 7518K, capacity 8055K, committed 8064K, reserved 1048576K
}

Deoptimization events (20 events):
Event: 84.614 Thread 0x000001df33cf0000 DEOPT PACKING pc=0x000001df22b6bde8 sp=0x000000c3fa8f6ca0
Event: 84.614 Thread 0x000001df33cf0000 DEOPT UNPACKING pc=0x000001df1ad2a1af sp=0x000000c3fa8f6bc0 mode 2
Event: 84.654 Thread 0x000001df33cf0000 Uncommon trap: trap_request=0xffffffbe fr.pc=0x000001df22b6bde8 relative=0x0000000000000ac8
Event: 84.655 Thread 0x000001df33cf0000 Uncommon trap: reason=profile_predicate action=maybe_recompile pc=0x000001df22b6bde8 method=java.util.TreeMap.getEntryUsingComparator(Ljava/lang/Object;)Ljava/util/TreeMap$Entry; @ 19 c2
Event: 84.655 Thread 0x000001df33cf0000 DEOPT PACKING pc=0x000001df22b6bde8 sp=0x000000c3fa8f7440
Event: 84.655 Thread 0x000001df33cf0000 DEOPT UNPACKING pc=0x000001df1ad2a1af sp=0x000000c3fa8f7360 mode 2
Event: 84.655 Thread 0x000001df33cf0000 Uncommon trap: trap_request=0xffffffbe fr.pc=0x000001df22b6bde8 relative=0x0000000000000ac8
Event: 84.655 Thread 0x000001df33cf0000 Uncommon trap: reason=profile_predicate action=maybe_recompile pc=0x000001df22b6bde8 method=java.util.TreeMap.getEntryUsingComparator(Ljava/lang/Object;)Ljava/util/TreeMap$Entry; @ 19 c2
Event: 84.655 Thread 0x000001df33cf0000 DEOPT PACKING pc=0x000001df22b6bde8 sp=0x000000c3fa8f7380
Event: 84.655 Thread 0x000001df33cf0000 DEOPT UNPACKING pc=0x000001df1ad2a1af sp=0x000000c3fa8f72a0 mode 2
Event: 84.657 Thread 0x000001df33cf0000 Uncommon trap: trap_request=0xffffffc6 fr.pc=0x000001df22af4324 relative=0x0000000000000364
Event: 84.657 Thread 0x000001df33cf0000 Uncommon trap: reason=bimorphic_or_optimized_type_check action=maybe_recompile pc=0x000001df22af4324 method=com.google.common.collect.RegularImmutableSet.contains(Ljava/lang/Object;)Z @ 42 c2
Event: 84.657 Thread 0x000001df33cf0000 DEOPT PACKING pc=0x000001df22af4324 sp=0x000000c3fa8f7ae0
Event: 84.657 Thread 0x000001df33cf0000 DEOPT UNPACKING pc=0x000001df1ad2a1af sp=0x000000c3fa8f7a80 mode 2
Event: 84.923 Thread 0x000001df33cf0000 DEOPT PACKING pc=0x000001df1bd81df7 sp=0x000000c3fa8f6b80
Event: 84.923 Thread 0x000001df33cf0000 DEOPT UNPACKING pc=0x000001df1ad2a95e sp=0x000000c3fa8f6080 mode 0
Event: 85.852 Thread 0x000001df33cf0000 Uncommon trap: trap_request=0xffffffde fr.pc=0x000001df22a1120c relative=0x00000000000013ec
Event: 85.853 Thread 0x000001df33cf0000 Uncommon trap: reason=class_check action=maybe_recompile pc=0x000001df22a1120c method=jdk.internal.loader.BuiltinClassLoader.loadClassOrNull(Ljava/lang/String;Z)Ljava/lang/Class; @ 86 c2
Event: 85.853 Thread 0x000001df33cf0000 DEOPT PACKING pc=0x000001df22a1120c sp=0x000000c3fa8f5a00
Event: 85.853 Thread 0x000001df33cf0000 DEOPT UNPACKING pc=0x000001df1ad2a1af sp=0x000000c3fa8f5968 mode 2

Classes redefined (0 events):
No events

Internal exceptions (20 events):
Event: 80.215 Thread 0x000001df33cf0000 Exception <a 'java/lang/ClassNotFoundException'{0x000000008b51ea98}: build_5duo0hazsixliq2hm1gexeydCustomizer> (0x000000008b51ea98) thrown at [src/hotspot/share/classfile/systemDictionary.cpp, line 230]
Event: 80.583 Thread 0x000001df33cf0000 Exception <a 'java/lang/ClassNotFoundException'{0x000000008b30d5d8}: org/gradle/api/internal/plugins/DefaultObjectConfigurationActionBeanInfo> (0x000000008b30d5d8) thrown at [src/hotspot/share/classfile/systemDictionary.cpp, line 230]
Event: 80.587 Thread 0x000001df33cf0000 Exception <a 'java/lang/ClassNotFoundException'{0x000000008b34fd60}: org/gradle/api/internal/plugins/DefaultObjectConfigurationActionCustomizer> (0x000000008b34fd60) thrown at [src/hotspot/share/classfile/systemDictionary.cpp, line 230]
Event: 82.792 Thread 0x000001df33cf0000 Exception <a 'java/lang/NoSuchMethodError'{0x000000008a82d428}: 'java.lang.Object java.lang.invoke.DirectMethodHandle$Holder.invokeStatic(java.lang.Object, java.lang.Object, java.lang.Object, java.lang.Object, int)'> (0x000000008a82d428) thrown at [src/hotspot/share/interpreter/linkResolver.cpp, line 773]
Event: 82.793 Thread 0x000001df33cf0000 Exception <a 'java/lang/NoSuchMethodError'{0x000000008a831e20}: 'java.lang.Object java.lang.invoke.DirectMethodHandle$Holder.invokeSpecial(java.lang.Object, java.lang.Object, java.lang.Object, java.lang.Object, java.lang.Object, int)'> (0x000000008a831e20) thrown at [src/hotspot/share/interpreter/linkResolver.cpp, line 773]
Event: 82.793 Thread 0x000001df33cf0000 Exception <a 'java/lang/NoSuchMethodError'{0x000000008a836460}: 'java.lang.Object java.lang.invoke.Invokers$Holder.linkToTargetMethod(java.lang.Object, java.lang.Object, java.lang.Object, int, java.lang.Object)'> (0x000000008a836460) thrown at [src/hotspot/share/interpreter/linkResolver.cpp, line 773]
Event: 82.891 Thread 0x000001df33cf0000 Exception <a 'java/lang/NoSuchMethodError'{0x000000008a8fd820}: 'java.lang.Object java.lang.invoke.Invokers$Holder.linkToTargetMethod(java.lang.Object, int, int, java.lang.Object)'> (0x000000008a8fd820) thrown at [src/hotspot/share/interpreter/linkResolver.cpp, line 773]
Event: 82.896 Thread 0x000001df33cf0000 Exception <a 'java/lang/NoSuchMethodError'{0x000000008a7155f0}: 'java.lang.Object java.lang.invoke.DirectMethodHandle$Holder.invokeStatic(java.lang.Object, java.lang.Object, int, int, java.lang.Object, java.lang.Object)'> (0x000000008a7155f0) thrown at [src/hotspot/share/interpreter/linkResolver.cpp, line 773]
Event: 84.455 Thread 0x000001df33cf0000 Exception <a 'java/lang/NoSuchMethodError'{0x0000000089acaf58}: 'java.lang.Object java.lang.invoke.DirectMethodHandle$Holder.invokeStatic(java.lang.Object, java.lang.Object, java.lang.Object, java.lang.Object, java.lang.Object, java.lang.Object, java.lang.Object, java.lang.Object, java.lang.Object, java.lang.Object, java.lang.Object, java.lang.Object, java.lang.Object, int)'> (0x0000000089acaf58) thrown at [src/hotspot/share/interpreter/linkResolver.cpp, line 773]
Event: 84.457 Thread 0x000001df33cf0000 Exception <a 'java/lang/NoSuchMethodError'{0x0000000089ad8940}: 'java.lang.Object java.lang.invoke.DirectMethodHandle$Holder.invokeStatic(java.lang.Object, java.lang.Object, java.lang.Object, java.lang.Object, java.lang.Object, java.lang.Object, java.lang.Object, java.lang.Object, java.lang.Object, java.lang.Object, java.lang.Object, java.lang.Object, java.lang.Object, int, int)'> (0x0000000089ad8940) thrown at [src/hotspot/share/interpreter/linkResolver.cpp, line 773]
Event: 84.646 Thread 0x000001df33cf0000 Exception <a 'java/lang/NoSuchMethodError'{0x00000000897284e8}: 'int java.lang.invoke.DirectMethodHandle$Holder.invokeInterface(java.lang.Object, java.lang.Object, java.lang.Object, java.lang.Object)'> (0x00000000897284e8) thrown at [src/hotspot/share/interpreter/linkResolver.cpp, line 773]
Event: 86.146 Thread 0x000001df33cf0000 Exception <a 'java/lang/NoSuchMethodError'{0x0000000088688818}: 'java.lang.Object java.lang.invoke.DirectMethodHandle$Holder.invokeSpecial(java.lang.Object, java.lang.Object, int, int, int, java.lang.Object, java.lang.Object, java.lang.Object, java.lang.Object)'> (0x0000000088688818) thrown at [src/hotspot/share/interpreter/linkResolver.cpp, line 773]
Event: 86.146 Thread 0x000001df33cf0000 Exception <a 'java/lang/NoSuchMethodError'{0x000000008868cfc0}: 'java.lang.Object java.lang.invoke.DelegatingMethodHandle$Holder.reinvoke_L(java.lang.Object, int, int, int, java.lang.Object, java.lang.Object, java.lang.Object, java.lang.Object)'> (0x000000008868cfc0) thrown at [src/hotspot/share/interpreter/linkResolver.cpp, line 773]
Event: 86.147 Thread 0x000001df33cf0000 Exception <a 'java/lang/NoSuchMethodError'{0x0000000088695670}: 'java.lang.Object java.lang.invoke.DirectMethodHandle$Holder.invokeStatic(java.lang.Object, java.lang.Object, java.lang.Object, java.lang.Object, java.lang.Object, int)'> (0x0000000088695670) thrown at [src/hotspot/share/interpreter/linkResolver.cpp, line 773]
Event: 86.373 Thread 0x000001df33cf0000 Exception <a 'java/lang/NoSuchMethodError'{0x0000000087d475a8}: 'java.lang.Object java.lang.invoke.DirectMethodHandle$Holder.invokeSpecial(java.lang.Object, java.lang.Object, int, int, java.lang.Object, java.lang.Object, java.lang.Object)'> (0x0000000087d475a8) thrown at [src/hotspot/share/interpreter/linkResolver.cpp, line 773]
Event: 86.374 Thread 0x000001df33cf0000 Exception <a 'java/lang/NoSuchMethodError'{0x0000000087d4c078}: 'java.lang.Object java.lang.invoke.DelegatingMethodHandle$Holder.reinvoke_L(java.lang.Object, int, int, java.lang.Object, java.lang.Object, java.lang.Object)'> (0x0000000087d4c078) thrown at [src/hotspot/share/interpreter/linkResolver.cpp, line 773]
Event: 86.377 Thread 0x000001df33cf0000 Exception <a 'java/lang/NoSuchMethodError'{0x0000000087d62948}: 'java.lang.Object java.lang.invoke.DirectMethodHandle$Holder.invokeStatic(java.lang.Object, java.lang.Object, java.lang.Object, java.lang.Object, int, int)'> (0x0000000087d62948) thrown at [src/hotspot/share/interpreter/linkResolver.cpp, line 773]
Event: 86.379 Thread 0x000001df33cf0000 Exception <a 'java/lang/NoSuchMethodError'{0x0000000087d78fc0}: 'java.lang.Object java.lang.invoke.DirectMethodHandle$Holder.invokeStatic(java.lang.Object, java.lang.Object, java.lang.Object, java.lang.Object, int, int, java.lang.Object)'> (0x0000000087d78fc0) thrown at [src/hotspot/share/interpreter/linkResolver.cpp, line 773]
Event: 86.381 Thread 0x000001df33cf0000 Exception <a 'java/lang/NoSuchMethodError'{0x0000000087d91470}: 'java.lang.Object java.lang.invoke.DirectMethodHandle$Holder.invokeStatic(java.lang.Object, java.lang.Object, java.lang.Object, java.lang.Object, int, int, java.lang.Object, java.lang.Object)'> (0x0000000087d91470) thrown at [src/hotspot/share/interpreter/linkResolver.cpp, line 773]
Event: 86.383 Thread 0x000001df33cf0000 Exception <a 'java/lang/NoSuchMethodError'{0x0000000087daa9e8}: 'java.lang.Object java.lang.invoke.DirectMethodHandle$Holder.invokeStatic(java.lang.Object, java.lang.Object, java.lang.Object, java.lang.Object, int, int, java.lang.Object, java.lang.Object, java.lang.Object)'> (0x0000000087daa9e8) thrown at [src/hotspot/share/interpreter/linkResolver.cpp, line 773]

Events (20 events):
Event: 86.393 loading class javax/xml/parsers/DocumentBuilderFactory
Event: 86.394 loading class javax/xml/parsers/DocumentBuilderFactory done
Event: 86.394 loading class javax/xml/parsers/FactoryFinder
Event: 86.394 loading class javax/xml/parsers/FactoryFinder done
Event: 86.395 loading class javax/xml/parsers/FactoryFinder$1
Event: 86.395 loading class javax/xml/parsers/FactoryFinder$1 done
Event: 86.396 loading class com/sun/org/apache/xerces/internal/jaxp/DocumentBuilderFactoryImpl
Event: 86.425 loading class com/sun/org/apache/xerces/internal/jaxp/DocumentBuilderFactoryImpl done
Event: 86.426 loading class net/rubygrapefruit/platform/internal/DefaultWindowsRegistry
Event: 86.426 loading class net/rubygrapefruit/platform/internal/DefaultWindowsRegistry done
Event: 86.428 loading class org/gradle/jvm/toolchain/internal/JavaInstallationRegistry
Event: 86.428 loading class org/gradle/jvm/toolchain/internal/JavaInstallationRegistry done
Event: 86.428 loading class org/gradle/internal/jvm/inspection/CachingJvmMetadataDetector
Event: 86.428 loading class org/gradle/internal/jvm/inspection/CachingJvmMetadataDetector done
Event: 86.429 loading class org/gradle/internal/jvm/inspection/DefaultJvmMetadataDetector
Event: 86.429 loading class org/gradle/internal/jvm/inspection/DefaultJvmMetadataDetector done
Event: 86.431 loading class org/gradle/internal/jvm/inspection/ProbedSystemProperty
Event: 86.431 loading class org/gradle/internal/jvm/inspection/ProbedSystemProperty done
Event: 86.431 loading class org/gradle/internal/jvm/inspection/JvmInstallationMetadata
Event: 86.431 loading class org/gradle/internal/jvm/inspection/JvmInstallationMetadata done


Dynamic libraries:
0x00007ff605f60000 - 0x00007ff605f6a000 	D:\Installed Program Files\Android\Android Studio\jbr\bin\java.exe
0x00007fff163f0000 - 0x00007fff16604000 	C:\WINDOWS\SYSTEM32\ntdll.dll
0x00007fff144b0000 - 0x00007fff14572000 	C:\WINDOWS\System32\KERNEL32.DLL
0x00007fff13b40000 - 0x00007fff13ee3000 	C:\WINDOWS\System32\KERNELBASE.dll
0x00007fff13fb0000 - 0x00007fff140c1000 	C:\WINDOWS\System32\ucrtbase.dll
0x00007fff01b80000 - 0x00007fff01b97000 	D:\Installed Program Files\Android\Android Studio\jbr\bin\jli.dll
0x00007fff142f0000 - 0x00007fff1449b000 	C:\WINDOWS\System32\USER32.dll
0x00007fff12a00000 - 0x00007fff12c8e000 	C:\WINDOWS\WinSxS\amd64_microsoft.windows.common-controls_6595b64144ccf1df_6.0.22621.1635_none_270f70857386168e\COMCTL32.dll
0x00007fff13880000 - 0x00007fff138a6000 	C:\WINDOWS\System32\win32u.dll
0x00007fff15710000 - 0x00007fff15739000 	C:\WINDOWS\System32\GDI32.dll
0x00007fff140d0000 - 0x00007fff141e8000 	C:\WINDOWS\System32\gdi32full.dll
0x00007fff13aa0000 - 0x00007fff13b3a000 	C:\WINDOWS\System32\msvcp_win.dll
0x00007ffef4f30000 - 0x00007ffef4f4b000 	D:\Installed Program Files\Android\Android Studio\jbr\bin\VCRUNTIME140.dll
0x00007fff147a0000 - 0x00007fff14847000 	C:\WINDOWS\System32\msvcrt.dll
0x00007fff142b0000 - 0x00007fff142e1000 	C:\WINDOWS\System32\IMM32.DLL
0x00007fff0d330000 - 0x00007fff0d33c000 	D:\Installed Program Files\Android\Android Studio\jbr\bin\vcruntime140_1.dll
0x00007ffee9c20000 - 0x00007ffee9cad000 	D:\Installed Program Files\Android\Android Studio\jbr\bin\msvcp140.dll
0x00007ffea7a50000 - 0x00007ffea860c000 	D:\Installed Program Files\Android\Android Studio\jbr\bin\server\jvm.dll
0x00007fff141f0000 - 0x00007fff1429e000 	C:\WINDOWS\System32\ADVAPI32.dll
0x00007fff15660000 - 0x00007fff15704000 	C:\WINDOWS\System32\sechost.dll
0x00007fff15080000 - 0x00007fff15197000 	C:\WINDOWS\System32\RPCRT4.dll
0x00007fff142a0000 - 0x00007fff142a8000 	C:\WINDOWS\System32\PSAPI.DLL
0x00007ffefbef0000 - 0x00007ffefbef9000 	C:\WINDOWS\SYSTEM32\WSOCK32.dll
0x00007fff0c1c0000 - 0x00007fff0c1f4000 	C:\WINDOWS\SYSTEM32\WINMM.dll
0x00007fff0abd0000 - 0x00007fff0abda000 	C:\WINDOWS\SYSTEM32\VERSION.dll
0x00007fff14580000 - 0x00007fff145f1000 	C:\WINDOWS\System32\WS2_32.dll
0x00007fff12030000 - 0x00007fff12048000 	C:\WINDOWS\SYSTEM32\kernel.appcore.dll
0x00007fff0e0a0000 - 0x00007fff0e0b0000 	D:\Installed Program Files\Android\Android Studio\jbr\bin\verify.dll
0x00007fff13190000 - 0x00007fff133be000 	C:\WINDOWS\SYSTEM32\DBGHELP.DLL
0x00007fff15740000 - 0x00007fff15ac9000 	C:\WINDOWS\System32\combase.dll
0x00007fff14900000 - 0x00007fff149d7000 	C:\WINDOWS\System32\OLEAUT32.dll
0x00007fff12fe0000 - 0x00007fff13012000 	C:\WINDOWS\SYSTEM32\dbgcore.DLL
0x00007fff13a20000 - 0x00007fff13a9b000 	C:\WINDOWS\System32\bcryptPrimitives.dll
0x00007ffee8da0000 - 0x00007ffee8dc8000 	D:\Installed Program Files\Android\Android Studio\jbr\bin\java.dll
0x00007fff0d780000 - 0x00007fff0d78a000 	D:\Installed Program Files\Android\Android Studio\jbr\bin\jimage.dll
0x00007fff00700000 - 0x00007fff00718000 	D:\Installed Program Files\Android\Android Studio\jbr\bin\zip.dll
0x00007fff15b30000 - 0x00007fff1632a000 	C:\WINDOWS\System32\SHELL32.dll
0x00007fff10df0000 - 0x00007fff116be000 	C:\WINDOWS\SYSTEM32\windows.storage.dll
0x00007fff10cb0000 - 0x00007fff10dee000 	C:\WINDOWS\SYSTEM32\wintypes.dll
0x00007fff15210000 - 0x00007fff15301000 	C:\WINDOWS\System32\SHCORE.dll
0x00007fff15ad0000 - 0x00007fff15b2e000 	C:\WINDOWS\System32\shlwapi.dll
0x00007fff13740000 - 0x00007fff13761000 	C:\WINDOWS\SYSTEM32\profapi.dll
0x00007ffef6740000 - 0x00007ffef6759000 	D:\Installed Program Files\Android\Android Studio\jbr\bin\net.dll
0x00007fff0c4f0000 - 0x00007fff0c627000 	C:\WINDOWS\SYSTEM32\WINHTTP.dll
0x00007fff124d0000 - 0x00007fff12539000 	C:\WINDOWS\system32\mswsock.dll
0x00007ffee8d80000 - 0x00007ffee8d93000 	D:\Installed Program Files\Android\Android Studio\jbr\bin\nio.dll
0x00007ffeae7d0000 - 0x00007ffeae7f7000 	D:\Android\.gradle\native\e1d6ef7f7dcc3fd88c89a11ec53ec762bb8ba0a96d01ffa2cd45eb1d1d8dd5c5\windows-amd64\native-platform.dll
0x00007ffee5930000 - 0x00007ffee5a74000 	D:\Android\.gradle\native\0d407fdbe67a94daf76414ababcb853783967236a71b16ec16e742cd7a986fd3\windows-amd64\native-platform-file-events.dll
0x00007fff01ca0000 - 0x00007fff01caa000 	D:\Installed Program Files\Android\Android Studio\jbr\bin\management.dll
0x00007fff00a50000 - 0x00007fff00a5b000 	D:\Installed Program Files\Android\Android Studio\jbr\bin\management_ext.dll
0x00007fff134b0000 - 0x00007fff134cb000 	C:\WINDOWS\SYSTEM32\CRYPTSP.dll
0x00007fff12240000 - 0x00007fff12275000 	C:\WINDOWS\system32\rsaenh.dll
0x00007fff12740000 - 0x00007fff12768000 	C:\WINDOWS\SYSTEM32\USERENV.dll
0x00007fff130b0000 - 0x00007fff130d8000 	C:\WINDOWS\SYSTEM32\bcrypt.dll
0x00007fff12930000 - 0x00007fff1293c000 	C:\WINDOWS\SYSTEM32\CRYPTBASE.dll
0x00007fff11b50000 - 0x00007fff11b7d000 	C:\WINDOWS\SYSTEM32\IPHLPAPI.DLL
0x00007fff151a0000 - 0x00007fff151a9000 	C:\WINDOWS\System32\NSI.dll
0x00007fff0c4d0000 - 0x00007fff0c4e9000 	C:\WINDOWS\SYSTEM32\dhcpcsvc6.DLL
0x00007fff0c4b0000 - 0x00007fff0c4cf000 	C:\WINDOWS\SYSTEM32\dhcpcsvc.DLL
0x00007fff11bc0000 - 0x00007fff11cb3000 	C:\WINDOWS\SYSTEM32\DNSAPI.dll
0x00007ffedabb0000 - 0x00007ffedabd7000 	D:\Installed Program Files\Android\Android Studio\jbr\bin\sunec.dll
0x00007fff0bc80000 - 0x00007fff0bc8a000 	C:\Windows\System32\rasadhlp.dll
0x00007fff0bed0000 - 0x00007fff0bf54000 	C:\WINDOWS\System32\fwpuclnt.dll

dbghelp: loaded successfully - version: 4.0.5 - missing functions: none
symbol engine: initialized successfully - sym options: 0x614 - pdb path: .;D:\Installed Program Files\Android\Android Studio\jbr\bin;C:\WINDOWS\SYSTEM32;C:\WINDOWS\WinSxS\amd64_microsoft.windows.common-controls_6595b64144ccf1df_6.0.22621.1635_none_270f70857386168e;D:\Installed Program Files\Android\Android Studio\jbr\bin\server;D:\Android\.gradle\native\e1d6ef7f7dcc3fd88c89a11ec53ec762bb8ba0a96d01ffa2cd45eb1d1d8dd5c5\windows-amd64;D:\Android\.gradle\native\0d407fdbe67a94daf76414ababcb853783967236a71b16ec16e742cd7a986fd3\windows-amd64

VM Arguments:
jvm_args: --add-opens=java.base/java.util=ALL-UNNAMED --add-opens=java.base/java.lang=ALL-UNNAMED --add-opens=java.base/java.lang.invoke=ALL-UNNAMED --add-opens=java.base/java.util=ALL-UNNAMED --add-opens=java.prefs/java.util.prefs=ALL-UNNAMED --add-opens=java.prefs/java.util.prefs=ALL-UNNAMED --add-opens=java.base/java.nio.charset=ALL-UNNAMED --add-opens=java.base/java.net=ALL-UNNAMED --add-opens=java.base/java.util.concurrent.atomic=ALL-UNNAMED -Xmx2048m -Dfile.encoding=UTF-8 -Duser.country=US -Duser.language=en -Duser.variant 
java_command: org.gradle.launcher.daemon.bootstrap.GradleDaemon 7.5
java_class_path (initial): D:\Android\.gradle\wrapper\dists\gradle-7.5-bin\f1w0cc9nuo0eivz97x2xlu9sv\gradle-7.5\lib\gradle-launcher-7.5.jar
Launcher Type: SUN_STANDARD

[Global flags]
     intx CICompilerCount                          = 4                                         {product} {ergonomic}
     uint ConcGCThreads                            = 3                                         {product} {ergonomic}
     uint G1ConcRefinementThreads                  = 10                                        {product} {ergonomic}
   size_t G1HeapRegionSize                         = 1048576                                   {product} {ergonomic}
    uintx GCDrainStackTargetSize                   = 64                                        {product} {ergonomic}
   size_t InitialHeapSize                          = 266338304                                 {product} {ergonomic}
   size_t MarkStackSize                            = 4194304                                   {product} {ergonomic}
   size_t MaxHeapSize                              = 2147483648                                {product} {command line}
   size_t MaxNewSize                               = 1287651328                                {product} {ergonomic}
   size_t MinHeapDeltaBytes                        = 1048576                                   {product} {ergonomic}
    uintx NonNMethodCodeHeapSize                   = 5836300                                {pd product} {ergonomic}
    uintx NonProfiledCodeHeapSize                  = 122910970                              {pd product} {ergonomic}
    uintx ProfiledCodeHeapSize                     = 122910970                              {pd product} {ergonomic}
    uintx ReservedCodeCacheSize                    = 251658240                              {pd product} {ergonomic}
     bool SegmentedCodeCache                       = true                                      {product} {ergonomic}
     bool UseCompressedClassPointers               = true                                 {lp64_product} {ergonomic}
     bool UseCompressedOops                        = true                                 {lp64_product} {ergonomic}
     bool UseG1GC                                  = true                                      {product} {ergonomic}
     bool UseLargePagesIndividualAllocation        = false                                  {pd product} {ergonomic}

Logging:
Log output configuration:
 #0: stdout all=warning uptime,level,tags
 #1: stderr all=off uptime,level,tags

Environment Variables:
PATH=C:\Program Files\Microsoft\jdk-11.0.12.7-hotspot\bin;C:\Program Files (x86)\Intel\Intel(R) Management Engine Components\iCLS\;C:\Program Files\Intel\Intel(R) Management Engine Components\iCLS\;C:\Windows\system32;C:\Windows;C:\Windows\System32\Wbem;C:\Windows\System32\WindowsPowerShell\v1.0\;C:\Windows\System32\OpenSSH\;C:\Program Files (x86)\NVIDIA Corporation\PhysX\Common;C:\Program Files\Intel\WiFi\bin\;C:\Program Files\Common Files\Intel\WirelessCommon\;C:\WINDOWS\system32;C:\WINDOWS;C:\WINDOWS\System32\Wbem;C:\WINDOWS\System32\WindowsPowerShell\v1.0\;C:\WINDOWS\System32\OpenSSH\;C:\Program Files\dotnet\;C:\Program Files\NVIDIA Corporation\NVIDIA NvDLISR;C:\php;C:\ProgramData\ComposerSetup\bin;C:\Program Files\Microsoft SQL Server\150\Tools\Binn\;C:\Program Files\Microsoft SQL Server\Client SDK\ODBC\170\Tools\Binn\;D:\Installed Program Files\Git\cmd;C:\Program Files\nodejs\;C:\ProgramData\chocolatey\bin;C:\Users\bibos\AppData\Local\Microsoft\WindowsApps;;D:\Installed Program Files\Microsoft VS Code\bin;C:\Users\bibos\AppData\Roaming\Composer\vendor\bin;C:\Users\bibos\AppData\Roaming\npm;C:\Users\bibos\.dotnet\tools
USERNAME=bibos
OS=Windows_NT
PROCESSOR_IDENTIFIER=Intel64 Family 6 Model 158 Stepping 10, GenuineIntel



---------------  S Y S T E M  ---------------

OS: Windows 11 , 64 bit Build 22621 (10.0.22621.1635)
OS uptime: 12 days 12:01 hours

CPU:total 12 (initial active 12) (6 cores per cpu, 2 threads per core) family 6 model 158 stepping 10 microcode 0xf0, cmov, cx8, fxsr, mmx, sse, sse2, sse3, ssse3, sse4.1, sse4.2, popcnt, avx, avx2, aes, clmul, erms, 3dnowpref, lzcnt, ht, tsc, tscinvbit, bmi1, bmi2, adx, fma

Memory: 4k page, system-wide physical 16178M (163M free)
TotalPageFile size 29458M (AvailPageFile size 1M)
current process WorkingSet (physical memory assigned to process): 388M, peak: 388M
current process commit charge ("private bytes"): 509M, peak: 510M

vm_info: OpenJDK 64-Bit Server VM (11.0.15+0-b2043.56-9505619) for windows-amd64 JRE (11.0.15+0-b2043.56-9505619), built on Jan 19 2023 02:48:00 by "builduser" with unknown MS VC++:1929

END.
